[2025-12-25 18:15:00] local.INFO: Scraping from: https://beyondchats.com/blogs/  
[2025-12-25 18:15:01] local.INFO: Found 16 article links  
[2025-12-25 18:15:02] local.INFO: Scraped: Your website needs a receptionist  
[2025-12-25 18:15:02] local.INFO: Scraped: What If AI Recommends the Wrong Medicine – Who’s Responsible?  
[2025-12-25 18:15:03] local.INFO: Scraped: What If AI Recommends the Wrong Medicine – Who’s to Blame?  
[2025-12-25 18:15:04] local.INFO: Scraped: AI in Healthcare: Hype or Reality?  
[2025-12-25 18:15:04] local.INFO: Scraped: AI in Healthcare: Hype or Reality?  
[2025-12-25 18:34:01] local.ERROR: Auth guard [] is not defined. {"exception":"[object] (InvalidArgumentException(code: 0): Auth guard [] is not defined. at /Users/apoorvbhardwaj/Desktop/misc projects/web-page Scraper/backend/vendor/laravel/framework/src/Illuminate/Auth/AuthManager.php:86)
[stacktrace]
#0 /Users/apoorvbhardwaj/Desktop/misc projects/web-page Scraper/backend/vendor/laravel/framework/src/Illuminate/Auth/AuthManager.php(70): Illuminate\\Auth\\AuthManager->resolve(NULL)
#1 /Users/apoorvbhardwaj/Desktop/misc projects/web-page Scraper/backend/vendor/laravel/framework/src/Illuminate/Auth/AuthManager.php(57): Illuminate\\Auth\\AuthManager->guard(NULL)
#2 [internal function]: Illuminate\\Auth\\AuthManager->{closure:Illuminate\\Auth\\AuthManager::__construct():57}(NULL)
#3 /Users/apoorvbhardwaj/Desktop/misc projects/web-page Scraper/backend/vendor/laravel/framework/src/Illuminate/Auth/AuthServiceProvider.php(89): call_user_func(Object(Closure), NULL)
#4 [internal function]: Illuminate\\Auth\\AuthServiceProvider->{closure:{closure:Illuminate\\Auth\\AuthServiceProvider::registerRequestRebindHandler():87}:88}(NULL)
#5 /Users/apoorvbhardwaj/Desktop/misc projects/web-page Scraper/backend/vendor/laravel/framework/src/Illuminate/Http/Request.php(607): call_user_func(Object(Closure), NULL)
#6 /Users/apoorvbhardwaj/Desktop/misc projects/web-page Scraper/backend/app/Providers/RouteServiceProvider.php(24): Illuminate\\Http\\Request->user()
#7 /Users/apoorvbhardwaj/Desktop/misc projects/web-page Scraper/backend/vendor/laravel/framework/src/Illuminate/Routing/Middleware/ThrottleRequests.php(117): App\\Providers\\RouteServiceProvider->{closure:App\\Providers\\RouteServiceProvider::boot():23}(Object(Illuminate\\Http\\Request))
#8 /Users/apoorvbhardwaj/Desktop/misc projects/web-page Scraper/backend/vendor/laravel/framework/src/Illuminate/Routing/Middleware/ThrottleRequests.php(87): Illuminate\\Routing\\Middleware\\ThrottleRequests->handleRequestUsingNamedLimiter(Object(Illuminate\\Http\\Request), Object(Closure), 'api', Object(Closure))
#9 /Users/apoorvbhardwaj/Desktop/misc projects/web-page Scraper/backend/vendor/laravel/framework/src/Illuminate/Pipeline/Pipeline.php(183): Illuminate\\Routing\\Middleware\\ThrottleRequests->handle(Object(Illuminate\\Http\\Request), Object(Closure), 'api')
#10 /Users/apoorvbhardwaj/Desktop/misc projects/web-page Scraper/backend/vendor/laravel/framework/src/Illuminate/Pipeline/Pipeline.php(119): Illuminate\\Pipeline\\Pipeline->{closure:{closure:Illuminate\\Pipeline\\Pipeline::carry():158}:159}(Object(Illuminate\\Http\\Request))
#11 /Users/apoorvbhardwaj/Desktop/misc projects/web-page Scraper/backend/vendor/laravel/framework/src/Illuminate/Routing/Router.php(805): Illuminate\\Pipeline\\Pipeline->then(Object(Closure))
#12 /Users/apoorvbhardwaj/Desktop/misc projects/web-page Scraper/backend/vendor/laravel/framework/src/Illuminate/Routing/Router.php(784): Illuminate\\Routing\\Router->runRouteWithinStack(Object(Illuminate\\Routing\\Route), Object(Illuminate\\Http\\Request))
#13 /Users/apoorvbhardwaj/Desktop/misc projects/web-page Scraper/backend/vendor/laravel/framework/src/Illuminate/Routing/Router.php(748): Illuminate\\Routing\\Router->runRoute(Object(Illuminate\\Http\\Request), Object(Illuminate\\Routing\\Route))
#14 /Users/apoorvbhardwaj/Desktop/misc projects/web-page Scraper/backend/vendor/laravel/framework/src/Illuminate/Routing/Router.php(737): Illuminate\\Routing\\Router->dispatchToRoute(Object(Illuminate\\Http\\Request))
#15 /Users/apoorvbhardwaj/Desktop/misc projects/web-page Scraper/backend/vendor/laravel/framework/src/Illuminate/Foundation/Http/Kernel.php(200): Illuminate\\Routing\\Router->dispatch(Object(Illuminate\\Http\\Request))
#16 /Users/apoorvbhardwaj/Desktop/misc projects/web-page Scraper/backend/vendor/laravel/framework/src/Illuminate/Pipeline/Pipeline.php(144): Illuminate\\Foundation\\Http\\Kernel->{closure:Illuminate\\Foundation\\Http\\Kernel::dispatchToRouter():197}(Object(Illuminate\\Http\\Request))
#17 /Users/apoorvbhardwaj/Desktop/misc projects/web-page Scraper/backend/vendor/laravel/framework/src/Illuminate/Foundation/Http/Middleware/TransformsRequest.php(21): Illuminate\\Pipeline\\Pipeline->{closure:Illuminate\\Pipeline\\Pipeline::prepareDestination():142}(Object(Illuminate\\Http\\Request))
#18 /Users/apoorvbhardwaj/Desktop/misc projects/web-page Scraper/backend/vendor/laravel/framework/src/Illuminate/Foundation/Http/Middleware/ConvertEmptyStringsToNull.php(31): Illuminate\\Foundation\\Http\\Middleware\\TransformsRequest->handle(Object(Illuminate\\Http\\Request), Object(Closure))
#19 /Users/apoorvbhardwaj/Desktop/misc projects/web-page Scraper/backend/vendor/laravel/framework/src/Illuminate/Pipeline/Pipeline.php(183): Illuminate\\Foundation\\Http\\Middleware\\ConvertEmptyStringsToNull->handle(Object(Illuminate\\Http\\Request), Object(Closure))
#20 /Users/apoorvbhardwaj/Desktop/misc projects/web-page Scraper/backend/vendor/laravel/framework/src/Illuminate/Foundation/Http/Middleware/ValidatePostSize.php(27): Illuminate\\Pipeline\\Pipeline->{closure:{closure:Illuminate\\Pipeline\\Pipeline::carry():158}:159}(Object(Illuminate\\Http\\Request))
#21 /Users/apoorvbhardwaj/Desktop/misc projects/web-page Scraper/backend/vendor/laravel/framework/src/Illuminate/Pipeline/Pipeline.php(183): Illuminate\\Foundation\\Http\\Middleware\\ValidatePostSize->handle(Object(Illuminate\\Http\\Request), Object(Closure))
#22 /Users/apoorvbhardwaj/Desktop/misc projects/web-page Scraper/backend/vendor/laravel/framework/src/Illuminate/Http/Middleware/HandleCors.php(62): Illuminate\\Pipeline\\Pipeline->{closure:{closure:Illuminate\\Pipeline\\Pipeline::carry():158}:159}(Object(Illuminate\\Http\\Request))
#23 /Users/apoorvbhardwaj/Desktop/misc projects/web-page Scraper/backend/vendor/laravel/framework/src/Illuminate/Pipeline/Pipeline.php(183): Illuminate\\Http\\Middleware\\HandleCors->handle(Object(Illuminate\\Http\\Request), Object(Closure))
#24 /Users/apoorvbhardwaj/Desktop/misc projects/web-page Scraper/backend/vendor/laravel/framework/src/Illuminate/Pipeline/Pipeline.php(119): Illuminate\\Pipeline\\Pipeline->{closure:{closure:Illuminate\\Pipeline\\Pipeline::carry():158}:159}(Object(Illuminate\\Http\\Request))
#25 /Users/apoorvbhardwaj/Desktop/misc projects/web-page Scraper/backend/vendor/laravel/framework/src/Illuminate/Foundation/Http/Kernel.php(175): Illuminate\\Pipeline\\Pipeline->then(Object(Closure))
#26 /Users/apoorvbhardwaj/Desktop/misc projects/web-page Scraper/backend/vendor/laravel/framework/src/Illuminate/Foundation/Http/Kernel.php(144): Illuminate\\Foundation\\Http\\Kernel->sendRequestThroughRouter(Object(Illuminate\\Http\\Request))
#27 /Users/apoorvbhardwaj/Desktop/misc projects/web-page Scraper/backend/public/index.php(36): Illuminate\\Foundation\\Http\\Kernel->handle(Object(Illuminate\\Http\\Request))
#28 /Users/apoorvbhardwaj/Desktop/misc projects/web-page Scraper/backend/vendor/laravel/framework/src/Illuminate/Foundation/resources/server.php(16): require_once('/Users/apoorvbh...')
#29 {main}
"} 
[2025-12-25 18:34:49] local.ERROR: Auth guard [] is not defined. {"exception":"[object] (InvalidArgumentException(code: 0): Auth guard [] is not defined. at /Users/apoorvbhardwaj/Desktop/misc projects/web-page Scraper/backend/vendor/laravel/framework/src/Illuminate/Auth/AuthManager.php:86)
[stacktrace]
#0 /Users/apoorvbhardwaj/Desktop/misc projects/web-page Scraper/backend/vendor/laravel/framework/src/Illuminate/Auth/AuthManager.php(70): Illuminate\\Auth\\AuthManager->resolve(NULL)
#1 /Users/apoorvbhardwaj/Desktop/misc projects/web-page Scraper/backend/vendor/laravel/framework/src/Illuminate/Auth/AuthManager.php(57): Illuminate\\Auth\\AuthManager->guard(NULL)
#2 [internal function]: Illuminate\\Auth\\AuthManager->{closure:Illuminate\\Auth\\AuthManager::__construct():57}(NULL)
#3 /Users/apoorvbhardwaj/Desktop/misc projects/web-page Scraper/backend/vendor/laravel/framework/src/Illuminate/Auth/AuthServiceProvider.php(89): call_user_func(Object(Closure), NULL)
#4 [internal function]: Illuminate\\Auth\\AuthServiceProvider->{closure:{closure:Illuminate\\Auth\\AuthServiceProvider::registerRequestRebindHandler():87}:88}(NULL)
#5 /Users/apoorvbhardwaj/Desktop/misc projects/web-page Scraper/backend/vendor/laravel/framework/src/Illuminate/Http/Request.php(607): call_user_func(Object(Closure), NULL)
#6 /Users/apoorvbhardwaj/Desktop/misc projects/web-page Scraper/backend/app/Providers/RouteServiceProvider.php(24): Illuminate\\Http\\Request->user()
#7 /Users/apoorvbhardwaj/Desktop/misc projects/web-page Scraper/backend/vendor/laravel/framework/src/Illuminate/Routing/Middleware/ThrottleRequests.php(117): App\\Providers\\RouteServiceProvider->{closure:App\\Providers\\RouteServiceProvider::boot():23}(Object(Illuminate\\Http\\Request))
#8 /Users/apoorvbhardwaj/Desktop/misc projects/web-page Scraper/backend/vendor/laravel/framework/src/Illuminate/Routing/Middleware/ThrottleRequests.php(87): Illuminate\\Routing\\Middleware\\ThrottleRequests->handleRequestUsingNamedLimiter(Object(Illuminate\\Http\\Request), Object(Closure), 'api', Object(Closure))
#9 /Users/apoorvbhardwaj/Desktop/misc projects/web-page Scraper/backend/vendor/laravel/framework/src/Illuminate/Pipeline/Pipeline.php(183): Illuminate\\Routing\\Middleware\\ThrottleRequests->handle(Object(Illuminate\\Http\\Request), Object(Closure), 'api')
#10 /Users/apoorvbhardwaj/Desktop/misc projects/web-page Scraper/backend/vendor/laravel/framework/src/Illuminate/Pipeline/Pipeline.php(119): Illuminate\\Pipeline\\Pipeline->{closure:{closure:Illuminate\\Pipeline\\Pipeline::carry():158}:159}(Object(Illuminate\\Http\\Request))
#11 /Users/apoorvbhardwaj/Desktop/misc projects/web-page Scraper/backend/vendor/laravel/framework/src/Illuminate/Routing/Router.php(805): Illuminate\\Pipeline\\Pipeline->then(Object(Closure))
#12 /Users/apoorvbhardwaj/Desktop/misc projects/web-page Scraper/backend/vendor/laravel/framework/src/Illuminate/Routing/Router.php(784): Illuminate\\Routing\\Router->runRouteWithinStack(Object(Illuminate\\Routing\\Route), Object(Illuminate\\Http\\Request))
#13 /Users/apoorvbhardwaj/Desktop/misc projects/web-page Scraper/backend/vendor/laravel/framework/src/Illuminate/Routing/Router.php(748): Illuminate\\Routing\\Router->runRoute(Object(Illuminate\\Http\\Request), Object(Illuminate\\Routing\\Route))
#14 /Users/apoorvbhardwaj/Desktop/misc projects/web-page Scraper/backend/vendor/laravel/framework/src/Illuminate/Routing/Router.php(737): Illuminate\\Routing\\Router->dispatchToRoute(Object(Illuminate\\Http\\Request))
#15 /Users/apoorvbhardwaj/Desktop/misc projects/web-page Scraper/backend/vendor/laravel/framework/src/Illuminate/Foundation/Http/Kernel.php(200): Illuminate\\Routing\\Router->dispatch(Object(Illuminate\\Http\\Request))
#16 /Users/apoorvbhardwaj/Desktop/misc projects/web-page Scraper/backend/vendor/laravel/framework/src/Illuminate/Pipeline/Pipeline.php(144): Illuminate\\Foundation\\Http\\Kernel->{closure:Illuminate\\Foundation\\Http\\Kernel::dispatchToRouter():197}(Object(Illuminate\\Http\\Request))
#17 /Users/apoorvbhardwaj/Desktop/misc projects/web-page Scraper/backend/vendor/laravel/framework/src/Illuminate/Foundation/Http/Middleware/TransformsRequest.php(21): Illuminate\\Pipeline\\Pipeline->{closure:Illuminate\\Pipeline\\Pipeline::prepareDestination():142}(Object(Illuminate\\Http\\Request))
#18 /Users/apoorvbhardwaj/Desktop/misc projects/web-page Scraper/backend/vendor/laravel/framework/src/Illuminate/Foundation/Http/Middleware/ConvertEmptyStringsToNull.php(31): Illuminate\\Foundation\\Http\\Middleware\\TransformsRequest->handle(Object(Illuminate\\Http\\Request), Object(Closure))
#19 /Users/apoorvbhardwaj/Desktop/misc projects/web-page Scraper/backend/vendor/laravel/framework/src/Illuminate/Pipeline/Pipeline.php(183): Illuminate\\Foundation\\Http\\Middleware\\ConvertEmptyStringsToNull->handle(Object(Illuminate\\Http\\Request), Object(Closure))
#20 /Users/apoorvbhardwaj/Desktop/misc projects/web-page Scraper/backend/vendor/laravel/framework/src/Illuminate/Foundation/Http/Middleware/ValidatePostSize.php(27): Illuminate\\Pipeline\\Pipeline->{closure:{closure:Illuminate\\Pipeline\\Pipeline::carry():158}:159}(Object(Illuminate\\Http\\Request))
#21 /Users/apoorvbhardwaj/Desktop/misc projects/web-page Scraper/backend/vendor/laravel/framework/src/Illuminate/Pipeline/Pipeline.php(183): Illuminate\\Foundation\\Http\\Middleware\\ValidatePostSize->handle(Object(Illuminate\\Http\\Request), Object(Closure))
#22 /Users/apoorvbhardwaj/Desktop/misc projects/web-page Scraper/backend/vendor/laravel/framework/src/Illuminate/Http/Middleware/HandleCors.php(62): Illuminate\\Pipeline\\Pipeline->{closure:{closure:Illuminate\\Pipeline\\Pipeline::carry():158}:159}(Object(Illuminate\\Http\\Request))
#23 /Users/apoorvbhardwaj/Desktop/misc projects/web-page Scraper/backend/vendor/laravel/framework/src/Illuminate/Pipeline/Pipeline.php(183): Illuminate\\Http\\Middleware\\HandleCors->handle(Object(Illuminate\\Http\\Request), Object(Closure))
#24 /Users/apoorvbhardwaj/Desktop/misc projects/web-page Scraper/backend/vendor/laravel/framework/src/Illuminate/Pipeline/Pipeline.php(119): Illuminate\\Pipeline\\Pipeline->{closure:{closure:Illuminate\\Pipeline\\Pipeline::carry():158}:159}(Object(Illuminate\\Http\\Request))
#25 /Users/apoorvbhardwaj/Desktop/misc projects/web-page Scraper/backend/vendor/laravel/framework/src/Illuminate/Foundation/Http/Kernel.php(175): Illuminate\\Pipeline\\Pipeline->then(Object(Closure))
#26 /Users/apoorvbhardwaj/Desktop/misc projects/web-page Scraper/backend/vendor/laravel/framework/src/Illuminate/Foundation/Http/Kernel.php(144): Illuminate\\Foundation\\Http\\Kernel->sendRequestThroughRouter(Object(Illuminate\\Http\\Request))
#27 /Users/apoorvbhardwaj/Desktop/misc projects/web-page Scraper/backend/public/index.php(36): Illuminate\\Foundation\\Http\\Kernel->handle(Object(Illuminate\\Http\\Request))
#28 /Users/apoorvbhardwaj/Desktop/misc projects/web-page Scraper/backend/vendor/laravel/framework/src/Illuminate/Foundation/resources/server.php(16): require_once('/Users/apoorvbh...')
#29 {main}
"} 
[2025-12-25 18:35:21] local.ERROR: Auth guard [] is not defined. {"exception":"[object] (InvalidArgumentException(code: 0): Auth guard [] is not defined. at /Users/apoorvbhardwaj/Desktop/misc projects/web-page Scraper/backend/vendor/laravel/framework/src/Illuminate/Auth/AuthManager.php:86)
[stacktrace]
#0 /Users/apoorvbhardwaj/Desktop/misc projects/web-page Scraper/backend/vendor/laravel/framework/src/Illuminate/Auth/AuthManager.php(70): Illuminate\\Auth\\AuthManager->resolve(NULL)
#1 /Users/apoorvbhardwaj/Desktop/misc projects/web-page Scraper/backend/vendor/laravel/framework/src/Illuminate/Auth/AuthManager.php(57): Illuminate\\Auth\\AuthManager->guard(NULL)
#2 [internal function]: Illuminate\\Auth\\AuthManager->{closure:Illuminate\\Auth\\AuthManager::__construct():57}(NULL)
#3 /Users/apoorvbhardwaj/Desktop/misc projects/web-page Scraper/backend/vendor/laravel/framework/src/Illuminate/Auth/AuthServiceProvider.php(89): call_user_func(Object(Closure), NULL)
#4 [internal function]: Illuminate\\Auth\\AuthServiceProvider->{closure:{closure:Illuminate\\Auth\\AuthServiceProvider::registerRequestRebindHandler():87}:88}(NULL)
#5 /Users/apoorvbhardwaj/Desktop/misc projects/web-page Scraper/backend/vendor/laravel/framework/src/Illuminate/Http/Request.php(607): call_user_func(Object(Closure), NULL)
#6 /Users/apoorvbhardwaj/Desktop/misc projects/web-page Scraper/backend/app/Providers/RouteServiceProvider.php(24): Illuminate\\Http\\Request->user()
#7 /Users/apoorvbhardwaj/Desktop/misc projects/web-page Scraper/backend/vendor/laravel/framework/src/Illuminate/Routing/Middleware/ThrottleRequests.php(117): App\\Providers\\RouteServiceProvider->{closure:App\\Providers\\RouteServiceProvider::boot():23}(Object(Illuminate\\Http\\Request))
#8 /Users/apoorvbhardwaj/Desktop/misc projects/web-page Scraper/backend/vendor/laravel/framework/src/Illuminate/Routing/Middleware/ThrottleRequests.php(87): Illuminate\\Routing\\Middleware\\ThrottleRequests->handleRequestUsingNamedLimiter(Object(Illuminate\\Http\\Request), Object(Closure), 'api', Object(Closure))
#9 /Users/apoorvbhardwaj/Desktop/misc projects/web-page Scraper/backend/vendor/laravel/framework/src/Illuminate/Pipeline/Pipeline.php(183): Illuminate\\Routing\\Middleware\\ThrottleRequests->handle(Object(Illuminate\\Http\\Request), Object(Closure), 'api')
#10 /Users/apoorvbhardwaj/Desktop/misc projects/web-page Scraper/backend/vendor/laravel/framework/src/Illuminate/Pipeline/Pipeline.php(119): Illuminate\\Pipeline\\Pipeline->{closure:{closure:Illuminate\\Pipeline\\Pipeline::carry():158}:159}(Object(Illuminate\\Http\\Request))
#11 /Users/apoorvbhardwaj/Desktop/misc projects/web-page Scraper/backend/vendor/laravel/framework/src/Illuminate/Routing/Router.php(805): Illuminate\\Pipeline\\Pipeline->then(Object(Closure))
#12 /Users/apoorvbhardwaj/Desktop/misc projects/web-page Scraper/backend/vendor/laravel/framework/src/Illuminate/Routing/Router.php(784): Illuminate\\Routing\\Router->runRouteWithinStack(Object(Illuminate\\Routing\\Route), Object(Illuminate\\Http\\Request))
#13 /Users/apoorvbhardwaj/Desktop/misc projects/web-page Scraper/backend/vendor/laravel/framework/src/Illuminate/Routing/Router.php(748): Illuminate\\Routing\\Router->runRoute(Object(Illuminate\\Http\\Request), Object(Illuminate\\Routing\\Route))
#14 /Users/apoorvbhardwaj/Desktop/misc projects/web-page Scraper/backend/vendor/laravel/framework/src/Illuminate/Routing/Router.php(737): Illuminate\\Routing\\Router->dispatchToRoute(Object(Illuminate\\Http\\Request))
#15 /Users/apoorvbhardwaj/Desktop/misc projects/web-page Scraper/backend/vendor/laravel/framework/src/Illuminate/Foundation/Http/Kernel.php(200): Illuminate\\Routing\\Router->dispatch(Object(Illuminate\\Http\\Request))
#16 /Users/apoorvbhardwaj/Desktop/misc projects/web-page Scraper/backend/vendor/laravel/framework/src/Illuminate/Pipeline/Pipeline.php(144): Illuminate\\Foundation\\Http\\Kernel->{closure:Illuminate\\Foundation\\Http\\Kernel::dispatchToRouter():197}(Object(Illuminate\\Http\\Request))
#17 /Users/apoorvbhardwaj/Desktop/misc projects/web-page Scraper/backend/vendor/laravel/framework/src/Illuminate/Foundation/Http/Middleware/TransformsRequest.php(21): Illuminate\\Pipeline\\Pipeline->{closure:Illuminate\\Pipeline\\Pipeline::prepareDestination():142}(Object(Illuminate\\Http\\Request))
#18 /Users/apoorvbhardwaj/Desktop/misc projects/web-page Scraper/backend/vendor/laravel/framework/src/Illuminate/Foundation/Http/Middleware/ConvertEmptyStringsToNull.php(31): Illuminate\\Foundation\\Http\\Middleware\\TransformsRequest->handle(Object(Illuminate\\Http\\Request), Object(Closure))
#19 /Users/apoorvbhardwaj/Desktop/misc projects/web-page Scraper/backend/vendor/laravel/framework/src/Illuminate/Pipeline/Pipeline.php(183): Illuminate\\Foundation\\Http\\Middleware\\ConvertEmptyStringsToNull->handle(Object(Illuminate\\Http\\Request), Object(Closure))
#20 /Users/apoorvbhardwaj/Desktop/misc projects/web-page Scraper/backend/vendor/laravel/framework/src/Illuminate/Foundation/Http/Middleware/ValidatePostSize.php(27): Illuminate\\Pipeline\\Pipeline->{closure:{closure:Illuminate\\Pipeline\\Pipeline::carry():158}:159}(Object(Illuminate\\Http\\Request))
#21 /Users/apoorvbhardwaj/Desktop/misc projects/web-page Scraper/backend/vendor/laravel/framework/src/Illuminate/Pipeline/Pipeline.php(183): Illuminate\\Foundation\\Http\\Middleware\\ValidatePostSize->handle(Object(Illuminate\\Http\\Request), Object(Closure))
#22 /Users/apoorvbhardwaj/Desktop/misc projects/web-page Scraper/backend/vendor/laravel/framework/src/Illuminate/Http/Middleware/HandleCors.php(62): Illuminate\\Pipeline\\Pipeline->{closure:{closure:Illuminate\\Pipeline\\Pipeline::carry():158}:159}(Object(Illuminate\\Http\\Request))
#23 /Users/apoorvbhardwaj/Desktop/misc projects/web-page Scraper/backend/vendor/laravel/framework/src/Illuminate/Pipeline/Pipeline.php(183): Illuminate\\Http\\Middleware\\HandleCors->handle(Object(Illuminate\\Http\\Request), Object(Closure))
#24 /Users/apoorvbhardwaj/Desktop/misc projects/web-page Scraper/backend/vendor/laravel/framework/src/Illuminate/Pipeline/Pipeline.php(119): Illuminate\\Pipeline\\Pipeline->{closure:{closure:Illuminate\\Pipeline\\Pipeline::carry():158}:159}(Object(Illuminate\\Http\\Request))
#25 /Users/apoorvbhardwaj/Desktop/misc projects/web-page Scraper/backend/vendor/laravel/framework/src/Illuminate/Foundation/Http/Kernel.php(175): Illuminate\\Pipeline\\Pipeline->then(Object(Closure))
#26 /Users/apoorvbhardwaj/Desktop/misc projects/web-page Scraper/backend/vendor/laravel/framework/src/Illuminate/Foundation/Http/Kernel.php(144): Illuminate\\Foundation\\Http\\Kernel->sendRequestThroughRouter(Object(Illuminate\\Http\\Request))
#27 /Users/apoorvbhardwaj/Desktop/misc projects/web-page Scraper/backend/public/index.php(36): Illuminate\\Foundation\\Http\\Kernel->handle(Object(Illuminate\\Http\\Request))
#28 /Users/apoorvbhardwaj/Desktop/misc projects/web-page Scraper/backend/vendor/laravel/framework/src/Illuminate/Foundation/resources/server.php(16): require_once('/Users/apoorvbh...')
#29 {main}
"} 
[2025-12-25 18:36:36] local.ERROR: Auth guard [] is not defined. {"exception":"[object] (InvalidArgumentException(code: 0): Auth guard [] is not defined. at /Users/apoorvbhardwaj/Desktop/misc projects/web-page Scraper/backend/vendor/laravel/framework/src/Illuminate/Auth/AuthManager.php:86)
[stacktrace]
#0 /Users/apoorvbhardwaj/Desktop/misc projects/web-page Scraper/backend/vendor/laravel/framework/src/Illuminate/Auth/AuthManager.php(70): Illuminate\\Auth\\AuthManager->resolve(NULL)
#1 /Users/apoorvbhardwaj/Desktop/misc projects/web-page Scraper/backend/vendor/laravel/framework/src/Illuminate/Auth/AuthManager.php(57): Illuminate\\Auth\\AuthManager->guard(NULL)
#2 [internal function]: Illuminate\\Auth\\AuthManager->{closure:Illuminate\\Auth\\AuthManager::__construct():57}(NULL)
#3 /Users/apoorvbhardwaj/Desktop/misc projects/web-page Scraper/backend/vendor/laravel/framework/src/Illuminate/Auth/AuthServiceProvider.php(89): call_user_func(Object(Closure), NULL)
#4 [internal function]: Illuminate\\Auth\\AuthServiceProvider->{closure:{closure:Illuminate\\Auth\\AuthServiceProvider::registerRequestRebindHandler():87}:88}(NULL)
#5 /Users/apoorvbhardwaj/Desktop/misc projects/web-page Scraper/backend/vendor/laravel/framework/src/Illuminate/Http/Request.php(607): call_user_func(Object(Closure), NULL)
#6 /Users/apoorvbhardwaj/Desktop/misc projects/web-page Scraper/backend/app/Providers/RouteServiceProvider.php(24): Illuminate\\Http\\Request->user()
#7 /Users/apoorvbhardwaj/Desktop/misc projects/web-page Scraper/backend/vendor/laravel/framework/src/Illuminate/Routing/Middleware/ThrottleRequests.php(117): App\\Providers\\RouteServiceProvider->{closure:App\\Providers\\RouteServiceProvider::boot():23}(Object(Illuminate\\Http\\Request))
#8 /Users/apoorvbhardwaj/Desktop/misc projects/web-page Scraper/backend/vendor/laravel/framework/src/Illuminate/Routing/Middleware/ThrottleRequests.php(87): Illuminate\\Routing\\Middleware\\ThrottleRequests->handleRequestUsingNamedLimiter(Object(Illuminate\\Http\\Request), Object(Closure), 'api', Object(Closure))
#9 /Users/apoorvbhardwaj/Desktop/misc projects/web-page Scraper/backend/vendor/laravel/framework/src/Illuminate/Pipeline/Pipeline.php(183): Illuminate\\Routing\\Middleware\\ThrottleRequests->handle(Object(Illuminate\\Http\\Request), Object(Closure), 'api')
#10 /Users/apoorvbhardwaj/Desktop/misc projects/web-page Scraper/backend/vendor/laravel/framework/src/Illuminate/Pipeline/Pipeline.php(119): Illuminate\\Pipeline\\Pipeline->{closure:{closure:Illuminate\\Pipeline\\Pipeline::carry():158}:159}(Object(Illuminate\\Http\\Request))
#11 /Users/apoorvbhardwaj/Desktop/misc projects/web-page Scraper/backend/vendor/laravel/framework/src/Illuminate/Routing/Router.php(805): Illuminate\\Pipeline\\Pipeline->then(Object(Closure))
#12 /Users/apoorvbhardwaj/Desktop/misc projects/web-page Scraper/backend/vendor/laravel/framework/src/Illuminate/Routing/Router.php(784): Illuminate\\Routing\\Router->runRouteWithinStack(Object(Illuminate\\Routing\\Route), Object(Illuminate\\Http\\Request))
#13 /Users/apoorvbhardwaj/Desktop/misc projects/web-page Scraper/backend/vendor/laravel/framework/src/Illuminate/Routing/Router.php(748): Illuminate\\Routing\\Router->runRoute(Object(Illuminate\\Http\\Request), Object(Illuminate\\Routing\\Route))
#14 /Users/apoorvbhardwaj/Desktop/misc projects/web-page Scraper/backend/vendor/laravel/framework/src/Illuminate/Routing/Router.php(737): Illuminate\\Routing\\Router->dispatchToRoute(Object(Illuminate\\Http\\Request))
#15 /Users/apoorvbhardwaj/Desktop/misc projects/web-page Scraper/backend/vendor/laravel/framework/src/Illuminate/Foundation/Http/Kernel.php(200): Illuminate\\Routing\\Router->dispatch(Object(Illuminate\\Http\\Request))
#16 /Users/apoorvbhardwaj/Desktop/misc projects/web-page Scraper/backend/vendor/laravel/framework/src/Illuminate/Pipeline/Pipeline.php(144): Illuminate\\Foundation\\Http\\Kernel->{closure:Illuminate\\Foundation\\Http\\Kernel::dispatchToRouter():197}(Object(Illuminate\\Http\\Request))
#17 /Users/apoorvbhardwaj/Desktop/misc projects/web-page Scraper/backend/vendor/laravel/framework/src/Illuminate/Foundation/Http/Middleware/TransformsRequest.php(21): Illuminate\\Pipeline\\Pipeline->{closure:Illuminate\\Pipeline\\Pipeline::prepareDestination():142}(Object(Illuminate\\Http\\Request))
#18 /Users/apoorvbhardwaj/Desktop/misc projects/web-page Scraper/backend/vendor/laravel/framework/src/Illuminate/Foundation/Http/Middleware/ConvertEmptyStringsToNull.php(31): Illuminate\\Foundation\\Http\\Middleware\\TransformsRequest->handle(Object(Illuminate\\Http\\Request), Object(Closure))
#19 /Users/apoorvbhardwaj/Desktop/misc projects/web-page Scraper/backend/vendor/laravel/framework/src/Illuminate/Pipeline/Pipeline.php(183): Illuminate\\Foundation\\Http\\Middleware\\ConvertEmptyStringsToNull->handle(Object(Illuminate\\Http\\Request), Object(Closure))
#20 /Users/apoorvbhardwaj/Desktop/misc projects/web-page Scraper/backend/vendor/laravel/framework/src/Illuminate/Foundation/Http/Middleware/ValidatePostSize.php(27): Illuminate\\Pipeline\\Pipeline->{closure:{closure:Illuminate\\Pipeline\\Pipeline::carry():158}:159}(Object(Illuminate\\Http\\Request))
#21 /Users/apoorvbhardwaj/Desktop/misc projects/web-page Scraper/backend/vendor/laravel/framework/src/Illuminate/Pipeline/Pipeline.php(183): Illuminate\\Foundation\\Http\\Middleware\\ValidatePostSize->handle(Object(Illuminate\\Http\\Request), Object(Closure))
#22 /Users/apoorvbhardwaj/Desktop/misc projects/web-page Scraper/backend/vendor/laravel/framework/src/Illuminate/Http/Middleware/HandleCors.php(62): Illuminate\\Pipeline\\Pipeline->{closure:{closure:Illuminate\\Pipeline\\Pipeline::carry():158}:159}(Object(Illuminate\\Http\\Request))
#23 /Users/apoorvbhardwaj/Desktop/misc projects/web-page Scraper/backend/vendor/laravel/framework/src/Illuminate/Pipeline/Pipeline.php(183): Illuminate\\Http\\Middleware\\HandleCors->handle(Object(Illuminate\\Http\\Request), Object(Closure))
#24 /Users/apoorvbhardwaj/Desktop/misc projects/web-page Scraper/backend/vendor/laravel/framework/src/Illuminate/Pipeline/Pipeline.php(119): Illuminate\\Pipeline\\Pipeline->{closure:{closure:Illuminate\\Pipeline\\Pipeline::carry():158}:159}(Object(Illuminate\\Http\\Request))
#25 /Users/apoorvbhardwaj/Desktop/misc projects/web-page Scraper/backend/vendor/laravel/framework/src/Illuminate/Foundation/Http/Kernel.php(175): Illuminate\\Pipeline\\Pipeline->then(Object(Closure))
#26 /Users/apoorvbhardwaj/Desktop/misc projects/web-page Scraper/backend/vendor/laravel/framework/src/Illuminate/Foundation/Http/Kernel.php(144): Illuminate\\Foundation\\Http\\Kernel->sendRequestThroughRouter(Object(Illuminate\\Http\\Request))
#27 /Users/apoorvbhardwaj/Desktop/misc projects/web-page Scraper/backend/public/index.php(36): Illuminate\\Foundation\\Http\\Kernel->handle(Object(Illuminate\\Http\\Request))
#28 /Users/apoorvbhardwaj/Desktop/misc projects/web-page Scraper/backend/vendor/laravel/framework/src/Illuminate/Foundation/resources/server.php(16): require_once('/Users/apoorvbh...')
#29 {main}
"} 
[2025-12-25 18:36:48] local.ERROR: Auth guard [] is not defined. {"exception":"[object] (InvalidArgumentException(code: 0): Auth guard [] is not defined. at /Users/apoorvbhardwaj/Desktop/misc projects/web-page Scraper/backend/vendor/laravel/framework/src/Illuminate/Auth/AuthManager.php:86)
[stacktrace]
#0 /Users/apoorvbhardwaj/Desktop/misc projects/web-page Scraper/backend/vendor/laravel/framework/src/Illuminate/Auth/AuthManager.php(70): Illuminate\\Auth\\AuthManager->resolve(NULL)
#1 /Users/apoorvbhardwaj/Desktop/misc projects/web-page Scraper/backend/vendor/laravel/framework/src/Illuminate/Auth/AuthManager.php(57): Illuminate\\Auth\\AuthManager->guard(NULL)
#2 [internal function]: Illuminate\\Auth\\AuthManager->{closure:Illuminate\\Auth\\AuthManager::__construct():57}(NULL)
#3 /Users/apoorvbhardwaj/Desktop/misc projects/web-page Scraper/backend/vendor/laravel/framework/src/Illuminate/Auth/AuthServiceProvider.php(89): call_user_func(Object(Closure), NULL)
#4 [internal function]: Illuminate\\Auth\\AuthServiceProvider->{closure:{closure:Illuminate\\Auth\\AuthServiceProvider::registerRequestRebindHandler():87}:88}(NULL)
#5 /Users/apoorvbhardwaj/Desktop/misc projects/web-page Scraper/backend/vendor/laravel/framework/src/Illuminate/Http/Request.php(607): call_user_func(Object(Closure), NULL)
#6 /Users/apoorvbhardwaj/Desktop/misc projects/web-page Scraper/backend/app/Providers/RouteServiceProvider.php(24): Illuminate\\Http\\Request->user()
#7 /Users/apoorvbhardwaj/Desktop/misc projects/web-page Scraper/backend/vendor/laravel/framework/src/Illuminate/Routing/Middleware/ThrottleRequests.php(117): App\\Providers\\RouteServiceProvider->{closure:App\\Providers\\RouteServiceProvider::boot():23}(Object(Illuminate\\Http\\Request))
#8 /Users/apoorvbhardwaj/Desktop/misc projects/web-page Scraper/backend/vendor/laravel/framework/src/Illuminate/Routing/Middleware/ThrottleRequests.php(87): Illuminate\\Routing\\Middleware\\ThrottleRequests->handleRequestUsingNamedLimiter(Object(Illuminate\\Http\\Request), Object(Closure), 'api', Object(Closure))
#9 /Users/apoorvbhardwaj/Desktop/misc projects/web-page Scraper/backend/vendor/laravel/framework/src/Illuminate/Pipeline/Pipeline.php(183): Illuminate\\Routing\\Middleware\\ThrottleRequests->handle(Object(Illuminate\\Http\\Request), Object(Closure), 'api')
#10 /Users/apoorvbhardwaj/Desktop/misc projects/web-page Scraper/backend/vendor/laravel/framework/src/Illuminate/Pipeline/Pipeline.php(119): Illuminate\\Pipeline\\Pipeline->{closure:{closure:Illuminate\\Pipeline\\Pipeline::carry():158}:159}(Object(Illuminate\\Http\\Request))
#11 /Users/apoorvbhardwaj/Desktop/misc projects/web-page Scraper/backend/vendor/laravel/framework/src/Illuminate/Routing/Router.php(805): Illuminate\\Pipeline\\Pipeline->then(Object(Closure))
#12 /Users/apoorvbhardwaj/Desktop/misc projects/web-page Scraper/backend/vendor/laravel/framework/src/Illuminate/Routing/Router.php(784): Illuminate\\Routing\\Router->runRouteWithinStack(Object(Illuminate\\Routing\\Route), Object(Illuminate\\Http\\Request))
#13 /Users/apoorvbhardwaj/Desktop/misc projects/web-page Scraper/backend/vendor/laravel/framework/src/Illuminate/Routing/Router.php(748): Illuminate\\Routing\\Router->runRoute(Object(Illuminate\\Http\\Request), Object(Illuminate\\Routing\\Route))
#14 /Users/apoorvbhardwaj/Desktop/misc projects/web-page Scraper/backend/vendor/laravel/framework/src/Illuminate/Routing/Router.php(737): Illuminate\\Routing\\Router->dispatchToRoute(Object(Illuminate\\Http\\Request))
#15 /Users/apoorvbhardwaj/Desktop/misc projects/web-page Scraper/backend/vendor/laravel/framework/src/Illuminate/Foundation/Http/Kernel.php(200): Illuminate\\Routing\\Router->dispatch(Object(Illuminate\\Http\\Request))
#16 /Users/apoorvbhardwaj/Desktop/misc projects/web-page Scraper/backend/vendor/laravel/framework/src/Illuminate/Pipeline/Pipeline.php(144): Illuminate\\Foundation\\Http\\Kernel->{closure:Illuminate\\Foundation\\Http\\Kernel::dispatchToRouter():197}(Object(Illuminate\\Http\\Request))
#17 /Users/apoorvbhardwaj/Desktop/misc projects/web-page Scraper/backend/vendor/laravel/framework/src/Illuminate/Foundation/Http/Middleware/TransformsRequest.php(21): Illuminate\\Pipeline\\Pipeline->{closure:Illuminate\\Pipeline\\Pipeline::prepareDestination():142}(Object(Illuminate\\Http\\Request))
#18 /Users/apoorvbhardwaj/Desktop/misc projects/web-page Scraper/backend/vendor/laravel/framework/src/Illuminate/Foundation/Http/Middleware/ConvertEmptyStringsToNull.php(31): Illuminate\\Foundation\\Http\\Middleware\\TransformsRequest->handle(Object(Illuminate\\Http\\Request), Object(Closure))
#19 /Users/apoorvbhardwaj/Desktop/misc projects/web-page Scraper/backend/vendor/laravel/framework/src/Illuminate/Pipeline/Pipeline.php(183): Illuminate\\Foundation\\Http\\Middleware\\ConvertEmptyStringsToNull->handle(Object(Illuminate\\Http\\Request), Object(Closure))
#20 /Users/apoorvbhardwaj/Desktop/misc projects/web-page Scraper/backend/vendor/laravel/framework/src/Illuminate/Foundation/Http/Middleware/ValidatePostSize.php(27): Illuminate\\Pipeline\\Pipeline->{closure:{closure:Illuminate\\Pipeline\\Pipeline::carry():158}:159}(Object(Illuminate\\Http\\Request))
#21 /Users/apoorvbhardwaj/Desktop/misc projects/web-page Scraper/backend/vendor/laravel/framework/src/Illuminate/Pipeline/Pipeline.php(183): Illuminate\\Foundation\\Http\\Middleware\\ValidatePostSize->handle(Object(Illuminate\\Http\\Request), Object(Closure))
#22 /Users/apoorvbhardwaj/Desktop/misc projects/web-page Scraper/backend/vendor/laravel/framework/src/Illuminate/Http/Middleware/HandleCors.php(62): Illuminate\\Pipeline\\Pipeline->{closure:{closure:Illuminate\\Pipeline\\Pipeline::carry():158}:159}(Object(Illuminate\\Http\\Request))
#23 /Users/apoorvbhardwaj/Desktop/misc projects/web-page Scraper/backend/vendor/laravel/framework/src/Illuminate/Pipeline/Pipeline.php(183): Illuminate\\Http\\Middleware\\HandleCors->handle(Object(Illuminate\\Http\\Request), Object(Closure))
#24 /Users/apoorvbhardwaj/Desktop/misc projects/web-page Scraper/backend/vendor/laravel/framework/src/Illuminate/Pipeline/Pipeline.php(119): Illuminate\\Pipeline\\Pipeline->{closure:{closure:Illuminate\\Pipeline\\Pipeline::carry():158}:159}(Object(Illuminate\\Http\\Request))
#25 /Users/apoorvbhardwaj/Desktop/misc projects/web-page Scraper/backend/vendor/laravel/framework/src/Illuminate/Foundation/Http/Kernel.php(175): Illuminate\\Pipeline\\Pipeline->then(Object(Closure))
#26 /Users/apoorvbhardwaj/Desktop/misc projects/web-page Scraper/backend/vendor/laravel/framework/src/Illuminate/Foundation/Http/Kernel.php(144): Illuminate\\Foundation\\Http\\Kernel->sendRequestThroughRouter(Object(Illuminate\\Http\\Request))
#27 /Users/apoorvbhardwaj/Desktop/misc projects/web-page Scraper/backend/public/index.php(36): Illuminate\\Foundation\\Http\\Kernel->handle(Object(Illuminate\\Http\\Request))
#28 /Users/apoorvbhardwaj/Desktop/misc projects/web-page Scraper/backend/vendor/laravel/framework/src/Illuminate/Foundation/resources/server.php(16): require_once('/Users/apoorvbh...')
#29 {main}
"} 
[2025-12-25 18:36:56] local.ERROR: Auth guard [] is not defined. {"exception":"[object] (InvalidArgumentException(code: 0): Auth guard [] is not defined. at /Users/apoorvbhardwaj/Desktop/misc projects/web-page Scraper/backend/vendor/laravel/framework/src/Illuminate/Auth/AuthManager.php:86)
[stacktrace]
#0 /Users/apoorvbhardwaj/Desktop/misc projects/web-page Scraper/backend/vendor/laravel/framework/src/Illuminate/Auth/AuthManager.php(70): Illuminate\\Auth\\AuthManager->resolve(NULL)
#1 /Users/apoorvbhardwaj/Desktop/misc projects/web-page Scraper/backend/vendor/laravel/framework/src/Illuminate/Auth/AuthManager.php(57): Illuminate\\Auth\\AuthManager->guard(NULL)
#2 [internal function]: Illuminate\\Auth\\AuthManager->{closure:Illuminate\\Auth\\AuthManager::__construct():57}(NULL)
#3 /Users/apoorvbhardwaj/Desktop/misc projects/web-page Scraper/backend/vendor/laravel/framework/src/Illuminate/Auth/AuthServiceProvider.php(89): call_user_func(Object(Closure), NULL)
#4 [internal function]: Illuminate\\Auth\\AuthServiceProvider->{closure:{closure:Illuminate\\Auth\\AuthServiceProvider::registerRequestRebindHandler():87}:88}(NULL)
#5 /Users/apoorvbhardwaj/Desktop/misc projects/web-page Scraper/backend/vendor/laravel/framework/src/Illuminate/Http/Request.php(607): call_user_func(Object(Closure), NULL)
#6 /Users/apoorvbhardwaj/Desktop/misc projects/web-page Scraper/backend/app/Providers/RouteServiceProvider.php(24): Illuminate\\Http\\Request->user()
#7 /Users/apoorvbhardwaj/Desktop/misc projects/web-page Scraper/backend/vendor/laravel/framework/src/Illuminate/Routing/Middleware/ThrottleRequests.php(117): App\\Providers\\RouteServiceProvider->{closure:App\\Providers\\RouteServiceProvider::boot():23}(Object(Illuminate\\Http\\Request))
#8 /Users/apoorvbhardwaj/Desktop/misc projects/web-page Scraper/backend/vendor/laravel/framework/src/Illuminate/Routing/Middleware/ThrottleRequests.php(87): Illuminate\\Routing\\Middleware\\ThrottleRequests->handleRequestUsingNamedLimiter(Object(Illuminate\\Http\\Request), Object(Closure), 'api', Object(Closure))
#9 /Users/apoorvbhardwaj/Desktop/misc projects/web-page Scraper/backend/vendor/laravel/framework/src/Illuminate/Pipeline/Pipeline.php(183): Illuminate\\Routing\\Middleware\\ThrottleRequests->handle(Object(Illuminate\\Http\\Request), Object(Closure), 'api')
#10 /Users/apoorvbhardwaj/Desktop/misc projects/web-page Scraper/backend/vendor/laravel/framework/src/Illuminate/Pipeline/Pipeline.php(119): Illuminate\\Pipeline\\Pipeline->{closure:{closure:Illuminate\\Pipeline\\Pipeline::carry():158}:159}(Object(Illuminate\\Http\\Request))
#11 /Users/apoorvbhardwaj/Desktop/misc projects/web-page Scraper/backend/vendor/laravel/framework/src/Illuminate/Routing/Router.php(805): Illuminate\\Pipeline\\Pipeline->then(Object(Closure))
#12 /Users/apoorvbhardwaj/Desktop/misc projects/web-page Scraper/backend/vendor/laravel/framework/src/Illuminate/Routing/Router.php(784): Illuminate\\Routing\\Router->runRouteWithinStack(Object(Illuminate\\Routing\\Route), Object(Illuminate\\Http\\Request))
#13 /Users/apoorvbhardwaj/Desktop/misc projects/web-page Scraper/backend/vendor/laravel/framework/src/Illuminate/Routing/Router.php(748): Illuminate\\Routing\\Router->runRoute(Object(Illuminate\\Http\\Request), Object(Illuminate\\Routing\\Route))
#14 /Users/apoorvbhardwaj/Desktop/misc projects/web-page Scraper/backend/vendor/laravel/framework/src/Illuminate/Routing/Router.php(737): Illuminate\\Routing\\Router->dispatchToRoute(Object(Illuminate\\Http\\Request))
#15 /Users/apoorvbhardwaj/Desktop/misc projects/web-page Scraper/backend/vendor/laravel/framework/src/Illuminate/Foundation/Http/Kernel.php(200): Illuminate\\Routing\\Router->dispatch(Object(Illuminate\\Http\\Request))
#16 /Users/apoorvbhardwaj/Desktop/misc projects/web-page Scraper/backend/vendor/laravel/framework/src/Illuminate/Pipeline/Pipeline.php(144): Illuminate\\Foundation\\Http\\Kernel->{closure:Illuminate\\Foundation\\Http\\Kernel::dispatchToRouter():197}(Object(Illuminate\\Http\\Request))
#17 /Users/apoorvbhardwaj/Desktop/misc projects/web-page Scraper/backend/vendor/laravel/framework/src/Illuminate/Foundation/Http/Middleware/TransformsRequest.php(21): Illuminate\\Pipeline\\Pipeline->{closure:Illuminate\\Pipeline\\Pipeline::prepareDestination():142}(Object(Illuminate\\Http\\Request))
#18 /Users/apoorvbhardwaj/Desktop/misc projects/web-page Scraper/backend/vendor/laravel/framework/src/Illuminate/Foundation/Http/Middleware/ConvertEmptyStringsToNull.php(31): Illuminate\\Foundation\\Http\\Middleware\\TransformsRequest->handle(Object(Illuminate\\Http\\Request), Object(Closure))
#19 /Users/apoorvbhardwaj/Desktop/misc projects/web-page Scraper/backend/vendor/laravel/framework/src/Illuminate/Pipeline/Pipeline.php(183): Illuminate\\Foundation\\Http\\Middleware\\ConvertEmptyStringsToNull->handle(Object(Illuminate\\Http\\Request), Object(Closure))
#20 /Users/apoorvbhardwaj/Desktop/misc projects/web-page Scraper/backend/vendor/laravel/framework/src/Illuminate/Foundation/Http/Middleware/ValidatePostSize.php(27): Illuminate\\Pipeline\\Pipeline->{closure:{closure:Illuminate\\Pipeline\\Pipeline::carry():158}:159}(Object(Illuminate\\Http\\Request))
#21 /Users/apoorvbhardwaj/Desktop/misc projects/web-page Scraper/backend/vendor/laravel/framework/src/Illuminate/Pipeline/Pipeline.php(183): Illuminate\\Foundation\\Http\\Middleware\\ValidatePostSize->handle(Object(Illuminate\\Http\\Request), Object(Closure))
#22 /Users/apoorvbhardwaj/Desktop/misc projects/web-page Scraper/backend/vendor/laravel/framework/src/Illuminate/Http/Middleware/HandleCors.php(62): Illuminate\\Pipeline\\Pipeline->{closure:{closure:Illuminate\\Pipeline\\Pipeline::carry():158}:159}(Object(Illuminate\\Http\\Request))
#23 /Users/apoorvbhardwaj/Desktop/misc projects/web-page Scraper/backend/vendor/laravel/framework/src/Illuminate/Pipeline/Pipeline.php(183): Illuminate\\Http\\Middleware\\HandleCors->handle(Object(Illuminate\\Http\\Request), Object(Closure))
#24 /Users/apoorvbhardwaj/Desktop/misc projects/web-page Scraper/backend/vendor/laravel/framework/src/Illuminate/Pipeline/Pipeline.php(119): Illuminate\\Pipeline\\Pipeline->{closure:{closure:Illuminate\\Pipeline\\Pipeline::carry():158}:159}(Object(Illuminate\\Http\\Request))
#25 /Users/apoorvbhardwaj/Desktop/misc projects/web-page Scraper/backend/vendor/laravel/framework/src/Illuminate/Foundation/Http/Kernel.php(175): Illuminate\\Pipeline\\Pipeline->then(Object(Closure))
#26 /Users/apoorvbhardwaj/Desktop/misc projects/web-page Scraper/backend/vendor/laravel/framework/src/Illuminate/Foundation/Http/Kernel.php(144): Illuminate\\Foundation\\Http\\Kernel->sendRequestThroughRouter(Object(Illuminate\\Http\\Request))
#27 /Users/apoorvbhardwaj/Desktop/misc projects/web-page Scraper/backend/public/index.php(36): Illuminate\\Foundation\\Http\\Kernel->handle(Object(Illuminate\\Http\\Request))
#28 /Users/apoorvbhardwaj/Desktop/misc projects/web-page Scraper/backend/vendor/laravel/framework/src/Illuminate/Foundation/resources/server.php(16): require_once('/Users/apoorvbh...')
#29 {main}
"} 
[2025-12-25 18:37:38] local.ERROR: Illuminate\View\FileViewFinder::__construct(): Argument #2 ($paths) must be of type array, null given, called in /Users/apoorvbhardwaj/Desktop/misc projects/web-page Scraper/backend/vendor/laravel/framework/src/Illuminate/View/ViewServiceProvider.php on line 85 {"exception":"[object] (TypeError(code: 0): Illuminate\\View\\FileViewFinder::__construct(): Argument #2 ($paths) must be of type array, null given, called in /Users/apoorvbhardwaj/Desktop/misc projects/web-page Scraper/backend/vendor/laravel/framework/src/Illuminate/View/ViewServiceProvider.php on line 85 at /Users/apoorvbhardwaj/Desktop/misc projects/web-page Scraper/backend/vendor/laravel/framework/src/Illuminate/View/FileViewFinder.php:53)
[stacktrace]
#0 /Users/apoorvbhardwaj/Desktop/misc projects/web-page Scraper/backend/vendor/laravel/framework/src/Illuminate/View/ViewServiceProvider.php(85): Illuminate\\View\\FileViewFinder->__construct(Object(Illuminate\\Filesystem\\Filesystem), NULL)
#1 /Users/apoorvbhardwaj/Desktop/misc projects/web-page Scraper/backend/vendor/laravel/framework/src/Illuminate/Container/Container.php(908): Illuminate\\View\\ViewServiceProvider->{closure:Illuminate\\View\\ViewServiceProvider::registerViewFinder():84}(Object(Illuminate\\Foundation\\Application), Array)
#2 /Users/apoorvbhardwaj/Desktop/misc projects/web-page Scraper/backend/vendor/laravel/framework/src/Illuminate/Container/Container.php(795): Illuminate\\Container\\Container->build(Object(Closure))
#3 /Users/apoorvbhardwaj/Desktop/misc projects/web-page Scraper/backend/vendor/laravel/framework/src/Illuminate/Foundation/Application.php(986): Illuminate\\Container\\Container->resolve('view.finder', Array, true)
#4 /Users/apoorvbhardwaj/Desktop/misc projects/web-page Scraper/backend/vendor/laravel/framework/src/Illuminate/Container/Container.php(731): Illuminate\\Foundation\\Application->resolve('view.finder', Array)
#5 /Users/apoorvbhardwaj/Desktop/misc projects/web-page Scraper/backend/vendor/laravel/framework/src/Illuminate/Foundation/Application.php(971): Illuminate\\Container\\Container->make('view.finder', Array)
#6 /Users/apoorvbhardwaj/Desktop/misc projects/web-page Scraper/backend/vendor/laravel/framework/src/Illuminate/Container/Container.php(1454): Illuminate\\Foundation\\Application->make('view.finder')
#7 /Users/apoorvbhardwaj/Desktop/misc projects/web-page Scraper/backend/vendor/laravel/framework/src/Illuminate/View/ViewServiceProvider.php(45): Illuminate\\Container\\Container->offsetGet('view.finder')
#8 /Users/apoorvbhardwaj/Desktop/misc projects/web-page Scraper/backend/vendor/laravel/framework/src/Illuminate/Container/Container.php(908): Illuminate\\View\\ViewServiceProvider->{closure:Illuminate\\View\\ViewServiceProvider::registerFactory():39}(Object(Illuminate\\Foundation\\Application), Array)
#9 /Users/apoorvbhardwaj/Desktop/misc projects/web-page Scraper/backend/vendor/laravel/framework/src/Illuminate/Container/Container.php(795): Illuminate\\Container\\Container->build(Object(Closure))
#10 /Users/apoorvbhardwaj/Desktop/misc projects/web-page Scraper/backend/vendor/laravel/framework/src/Illuminate/Foundation/Application.php(986): Illuminate\\Container\\Container->resolve('view', Array, true)
#11 /Users/apoorvbhardwaj/Desktop/misc projects/web-page Scraper/backend/vendor/laravel/framework/src/Illuminate/Container/Container.php(731): Illuminate\\Foundation\\Application->resolve('view', Array)
#12 /Users/apoorvbhardwaj/Desktop/misc projects/web-page Scraper/backend/vendor/laravel/framework/src/Illuminate/Foundation/Application.php(971): Illuminate\\Container\\Container->make('view', Array)
#13 /Users/apoorvbhardwaj/Desktop/misc projects/web-page Scraper/backend/vendor/laravel/framework/src/Illuminate/Container/Container.php(1454): Illuminate\\Foundation\\Application->make('view')
#14 /Users/apoorvbhardwaj/Desktop/misc projects/web-page Scraper/backend/vendor/laravel/framework/src/Illuminate/Routing/RoutingServiceProvider.php(182): Illuminate\\Container\\Container->offsetGet('Illuminate\\\\Cont...')
#15 /Users/apoorvbhardwaj/Desktop/misc projects/web-page Scraper/backend/vendor/laravel/framework/src/Illuminate/Container/Container.php(908): Illuminate\\Routing\\RoutingServiceProvider->{closure:Illuminate\\Routing\\RoutingServiceProvider::registerResponseFactory():181}(Object(Illuminate\\Foundation\\Application), Array)
#16 /Users/apoorvbhardwaj/Desktop/misc projects/web-page Scraper/backend/vendor/laravel/framework/src/Illuminate/Container/Container.php(795): Illuminate\\Container\\Container->build(Object(Closure))
#17 /Users/apoorvbhardwaj/Desktop/misc projects/web-page Scraper/backend/vendor/laravel/framework/src/Illuminate/Foundation/Application.php(986): Illuminate\\Container\\Container->resolve('Illuminate\\\\Cont...', Array, true)
#18 /Users/apoorvbhardwaj/Desktop/misc projects/web-page Scraper/backend/vendor/laravel/framework/src/Illuminate/Container/Container.php(731): Illuminate\\Foundation\\Application->resolve('Illuminate\\\\Cont...', Array)
#19 /Users/apoorvbhardwaj/Desktop/misc projects/web-page Scraper/backend/vendor/laravel/framework/src/Illuminate/Foundation/Application.php(971): Illuminate\\Container\\Container->make('Illuminate\\\\Cont...', Array)
#20 /Users/apoorvbhardwaj/Desktop/misc projects/web-page Scraper/backend/vendor/laravel/framework/src/Illuminate/Foundation/helpers.php(120): Illuminate\\Foundation\\Application->make('Illuminate\\\\Cont...', Array)
#21 /Users/apoorvbhardwaj/Desktop/misc projects/web-page Scraper/backend/vendor/laravel/framework/src/Illuminate/Foundation/helpers.php(790): app('Illuminate\\\\Cont...')
#22 /Users/apoorvbhardwaj/Desktop/misc projects/web-page Scraper/backend/app/Http/Controllers/Api/ArticleController.php(32): response()
#23 /Users/apoorvbhardwaj/Desktop/misc projects/web-page Scraper/backend/vendor/laravel/framework/src/Illuminate/Routing/Controller.php(54): App\\Http\\Controllers\\Api\\ArticleController->index(Object(Illuminate\\Http\\Request))
#24 /Users/apoorvbhardwaj/Desktop/misc projects/web-page Scraper/backend/vendor/laravel/framework/src/Illuminate/Routing/ControllerDispatcher.php(43): Illuminate\\Routing\\Controller->callAction('index', Array)
#25 /Users/apoorvbhardwaj/Desktop/misc projects/web-page Scraper/backend/vendor/laravel/framework/src/Illuminate/Routing/Route.php(259): Illuminate\\Routing\\ControllerDispatcher->dispatch(Object(Illuminate\\Routing\\Route), Object(App\\Http\\Controllers\\Api\\ArticleController), 'index')
#26 /Users/apoorvbhardwaj/Desktop/misc projects/web-page Scraper/backend/vendor/laravel/framework/src/Illuminate/Routing/Route.php(205): Illuminate\\Routing\\Route->runController()
#27 /Users/apoorvbhardwaj/Desktop/misc projects/web-page Scraper/backend/vendor/laravel/framework/src/Illuminate/Routing/Router.php(806): Illuminate\\Routing\\Route->run()
#28 /Users/apoorvbhardwaj/Desktop/misc projects/web-page Scraper/backend/vendor/laravel/framework/src/Illuminate/Pipeline/Pipeline.php(144): Illuminate\\Routing\\Router->{closure:Illuminate\\Routing\\Router::runRouteWithinStack():805}(Object(Illuminate\\Http\\Request))
#29 /Users/apoorvbhardwaj/Desktop/misc projects/web-page Scraper/backend/vendor/laravel/framework/src/Illuminate/Routing/Middleware/SubstituteBindings.php(50): Illuminate\\Pipeline\\Pipeline->{closure:Illuminate\\Pipeline\\Pipeline::prepareDestination():142}(Object(Illuminate\\Http\\Request))
#30 /Users/apoorvbhardwaj/Desktop/misc projects/web-page Scraper/backend/vendor/laravel/framework/src/Illuminate/Pipeline/Pipeline.php(183): Illuminate\\Routing\\Middleware\\SubstituteBindings->handle(Object(Illuminate\\Http\\Request), Object(Closure))
#31 /Users/apoorvbhardwaj/Desktop/misc projects/web-page Scraper/backend/vendor/laravel/framework/src/Illuminate/Routing/Middleware/ThrottleRequests.php(159): Illuminate\\Pipeline\\Pipeline->{closure:{closure:Illuminate\\Pipeline\\Pipeline::carry():158}:159}(Object(Illuminate\\Http\\Request))
#32 /Users/apoorvbhardwaj/Desktop/misc projects/web-page Scraper/backend/vendor/laravel/framework/src/Illuminate/Routing/Middleware/ThrottleRequests.php(125): Illuminate\\Routing\\Middleware\\ThrottleRequests->handleRequest(Object(Illuminate\\Http\\Request), Object(Closure), Array)
#33 /Users/apoorvbhardwaj/Desktop/misc projects/web-page Scraper/backend/vendor/laravel/framework/src/Illuminate/Routing/Middleware/ThrottleRequests.php(87): Illuminate\\Routing\\Middleware\\ThrottleRequests->handleRequestUsingNamedLimiter(Object(Illuminate\\Http\\Request), Object(Closure), 'api', Object(Closure))
#34 /Users/apoorvbhardwaj/Desktop/misc projects/web-page Scraper/backend/vendor/laravel/framework/src/Illuminate/Pipeline/Pipeline.php(183): Illuminate\\Routing\\Middleware\\ThrottleRequests->handle(Object(Illuminate\\Http\\Request), Object(Closure), 'api')
#35 /Users/apoorvbhardwaj/Desktop/misc projects/web-page Scraper/backend/vendor/laravel/framework/src/Illuminate/Pipeline/Pipeline.php(119): Illuminate\\Pipeline\\Pipeline->{closure:{closure:Illuminate\\Pipeline\\Pipeline::carry():158}:159}(Object(Illuminate\\Http\\Request))
#36 /Users/apoorvbhardwaj/Desktop/misc projects/web-page Scraper/backend/vendor/laravel/framework/src/Illuminate/Routing/Router.php(805): Illuminate\\Pipeline\\Pipeline->then(Object(Closure))
#37 /Users/apoorvbhardwaj/Desktop/misc projects/web-page Scraper/backend/vendor/laravel/framework/src/Illuminate/Routing/Router.php(784): Illuminate\\Routing\\Router->runRouteWithinStack(Object(Illuminate\\Routing\\Route), Object(Illuminate\\Http\\Request))
#38 /Users/apoorvbhardwaj/Desktop/misc projects/web-page Scraper/backend/vendor/laravel/framework/src/Illuminate/Routing/Router.php(748): Illuminate\\Routing\\Router->runRoute(Object(Illuminate\\Http\\Request), Object(Illuminate\\Routing\\Route))
#39 /Users/apoorvbhardwaj/Desktop/misc projects/web-page Scraper/backend/vendor/laravel/framework/src/Illuminate/Routing/Router.php(737): Illuminate\\Routing\\Router->dispatchToRoute(Object(Illuminate\\Http\\Request))
#40 /Users/apoorvbhardwaj/Desktop/misc projects/web-page Scraper/backend/vendor/laravel/framework/src/Illuminate/Foundation/Http/Kernel.php(200): Illuminate\\Routing\\Router->dispatch(Object(Illuminate\\Http\\Request))
#41 /Users/apoorvbhardwaj/Desktop/misc projects/web-page Scraper/backend/vendor/laravel/framework/src/Illuminate/Pipeline/Pipeline.php(144): Illuminate\\Foundation\\Http\\Kernel->{closure:Illuminate\\Foundation\\Http\\Kernel::dispatchToRouter():197}(Object(Illuminate\\Http\\Request))
#42 /Users/apoorvbhardwaj/Desktop/misc projects/web-page Scraper/backend/vendor/laravel/framework/src/Illuminate/Foundation/Http/Middleware/TransformsRequest.php(21): Illuminate\\Pipeline\\Pipeline->{closure:Illuminate\\Pipeline\\Pipeline::prepareDestination():142}(Object(Illuminate\\Http\\Request))
#43 /Users/apoorvbhardwaj/Desktop/misc projects/web-page Scraper/backend/vendor/laravel/framework/src/Illuminate/Foundation/Http/Middleware/ConvertEmptyStringsToNull.php(31): Illuminate\\Foundation\\Http\\Middleware\\TransformsRequest->handle(Object(Illuminate\\Http\\Request), Object(Closure))
#44 /Users/apoorvbhardwaj/Desktop/misc projects/web-page Scraper/backend/vendor/laravel/framework/src/Illuminate/Pipeline/Pipeline.php(183): Illuminate\\Foundation\\Http\\Middleware\\ConvertEmptyStringsToNull->handle(Object(Illuminate\\Http\\Request), Object(Closure))
#45 /Users/apoorvbhardwaj/Desktop/misc projects/web-page Scraper/backend/vendor/laravel/framework/src/Illuminate/Foundation/Http/Middleware/ValidatePostSize.php(27): Illuminate\\Pipeline\\Pipeline->{closure:{closure:Illuminate\\Pipeline\\Pipeline::carry():158}:159}(Object(Illuminate\\Http\\Request))
#46 /Users/apoorvbhardwaj/Desktop/misc projects/web-page Scraper/backend/vendor/laravel/framework/src/Illuminate/Pipeline/Pipeline.php(183): Illuminate\\Foundation\\Http\\Middleware\\ValidatePostSize->handle(Object(Illuminate\\Http\\Request), Object(Closure))
#47 /Users/apoorvbhardwaj/Desktop/misc projects/web-page Scraper/backend/vendor/laravel/framework/src/Illuminate/Http/Middleware/HandleCors.php(62): Illuminate\\Pipeline\\Pipeline->{closure:{closure:Illuminate\\Pipeline\\Pipeline::carry():158}:159}(Object(Illuminate\\Http\\Request))
#48 /Users/apoorvbhardwaj/Desktop/misc projects/web-page Scraper/backend/vendor/laravel/framework/src/Illuminate/Pipeline/Pipeline.php(183): Illuminate\\Http\\Middleware\\HandleCors->handle(Object(Illuminate\\Http\\Request), Object(Closure))
#49 /Users/apoorvbhardwaj/Desktop/misc projects/web-page Scraper/backend/vendor/laravel/framework/src/Illuminate/Pipeline/Pipeline.php(119): Illuminate\\Pipeline\\Pipeline->{closure:{closure:Illuminate\\Pipeline\\Pipeline::carry():158}:159}(Object(Illuminate\\Http\\Request))
#50 /Users/apoorvbhardwaj/Desktop/misc projects/web-page Scraper/backend/vendor/laravel/framework/src/Illuminate/Foundation/Http/Kernel.php(175): Illuminate\\Pipeline\\Pipeline->then(Object(Closure))
#51 /Users/apoorvbhardwaj/Desktop/misc projects/web-page Scraper/backend/vendor/laravel/framework/src/Illuminate/Foundation/Http/Kernel.php(144): Illuminate\\Foundation\\Http\\Kernel->sendRequestThroughRouter(Object(Illuminate\\Http\\Request))
#52 /Users/apoorvbhardwaj/Desktop/misc projects/web-page Scraper/backend/public/index.php(36): Illuminate\\Foundation\\Http\\Kernel->handle(Object(Illuminate\\Http\\Request))
#53 /Users/apoorvbhardwaj/Desktop/misc projects/web-page Scraper/backend/vendor/laravel/framework/src/Illuminate/Foundation/resources/server.php(16): require_once('/Users/apoorvbh...')
#54 {main}
"} 
[2025-12-25 18:37:51] local.ERROR: Illuminate\View\FileViewFinder::__construct(): Argument #2 ($paths) must be of type array, null given, called in /Users/apoorvbhardwaj/Desktop/misc projects/web-page Scraper/backend/vendor/laravel/framework/src/Illuminate/View/ViewServiceProvider.php on line 85 {"exception":"[object] (TypeError(code: 0): Illuminate\\View\\FileViewFinder::__construct(): Argument #2 ($paths) must be of type array, null given, called in /Users/apoorvbhardwaj/Desktop/misc projects/web-page Scraper/backend/vendor/laravel/framework/src/Illuminate/View/ViewServiceProvider.php on line 85 at /Users/apoorvbhardwaj/Desktop/misc projects/web-page Scraper/backend/vendor/laravel/framework/src/Illuminate/View/FileViewFinder.php:53)
[stacktrace]
#0 /Users/apoorvbhardwaj/Desktop/misc projects/web-page Scraper/backend/vendor/laravel/framework/src/Illuminate/View/ViewServiceProvider.php(85): Illuminate\\View\\FileViewFinder->__construct(Object(Illuminate\\Filesystem\\Filesystem), NULL)
#1 /Users/apoorvbhardwaj/Desktop/misc projects/web-page Scraper/backend/vendor/laravel/framework/src/Illuminate/Container/Container.php(908): Illuminate\\View\\ViewServiceProvider->{closure:Illuminate\\View\\ViewServiceProvider::registerViewFinder():84}(Object(Illuminate\\Foundation\\Application), Array)
#2 /Users/apoorvbhardwaj/Desktop/misc projects/web-page Scraper/backend/vendor/laravel/framework/src/Illuminate/Container/Container.php(795): Illuminate\\Container\\Container->build(Object(Closure))
#3 /Users/apoorvbhardwaj/Desktop/misc projects/web-page Scraper/backend/vendor/laravel/framework/src/Illuminate/Foundation/Application.php(986): Illuminate\\Container\\Container->resolve('view.finder', Array, true)
#4 /Users/apoorvbhardwaj/Desktop/misc projects/web-page Scraper/backend/vendor/laravel/framework/src/Illuminate/Container/Container.php(731): Illuminate\\Foundation\\Application->resolve('view.finder', Array)
#5 /Users/apoorvbhardwaj/Desktop/misc projects/web-page Scraper/backend/vendor/laravel/framework/src/Illuminate/Foundation/Application.php(971): Illuminate\\Container\\Container->make('view.finder', Array)
#6 /Users/apoorvbhardwaj/Desktop/misc projects/web-page Scraper/backend/vendor/laravel/framework/src/Illuminate/Container/Container.php(1454): Illuminate\\Foundation\\Application->make('view.finder')
#7 /Users/apoorvbhardwaj/Desktop/misc projects/web-page Scraper/backend/vendor/laravel/framework/src/Illuminate/View/ViewServiceProvider.php(45): Illuminate\\Container\\Container->offsetGet('view.finder')
#8 /Users/apoorvbhardwaj/Desktop/misc projects/web-page Scraper/backend/vendor/laravel/framework/src/Illuminate/Container/Container.php(908): Illuminate\\View\\ViewServiceProvider->{closure:Illuminate\\View\\ViewServiceProvider::registerFactory():39}(Object(Illuminate\\Foundation\\Application), Array)
#9 /Users/apoorvbhardwaj/Desktop/misc projects/web-page Scraper/backend/vendor/laravel/framework/src/Illuminate/Container/Container.php(795): Illuminate\\Container\\Container->build(Object(Closure))
#10 /Users/apoorvbhardwaj/Desktop/misc projects/web-page Scraper/backend/vendor/laravel/framework/src/Illuminate/Foundation/Application.php(986): Illuminate\\Container\\Container->resolve('view', Array, true)
#11 /Users/apoorvbhardwaj/Desktop/misc projects/web-page Scraper/backend/vendor/laravel/framework/src/Illuminate/Container/Container.php(731): Illuminate\\Foundation\\Application->resolve('view', Array)
#12 /Users/apoorvbhardwaj/Desktop/misc projects/web-page Scraper/backend/vendor/laravel/framework/src/Illuminate/Foundation/Application.php(971): Illuminate\\Container\\Container->make('view', Array)
#13 /Users/apoorvbhardwaj/Desktop/misc projects/web-page Scraper/backend/vendor/laravel/framework/src/Illuminate/Container/Container.php(1454): Illuminate\\Foundation\\Application->make('view')
#14 /Users/apoorvbhardwaj/Desktop/misc projects/web-page Scraper/backend/vendor/laravel/framework/src/Illuminate/Routing/RoutingServiceProvider.php(182): Illuminate\\Container\\Container->offsetGet('Illuminate\\\\Cont...')
#15 /Users/apoorvbhardwaj/Desktop/misc projects/web-page Scraper/backend/vendor/laravel/framework/src/Illuminate/Container/Container.php(908): Illuminate\\Routing\\RoutingServiceProvider->{closure:Illuminate\\Routing\\RoutingServiceProvider::registerResponseFactory():181}(Object(Illuminate\\Foundation\\Application), Array)
#16 /Users/apoorvbhardwaj/Desktop/misc projects/web-page Scraper/backend/vendor/laravel/framework/src/Illuminate/Container/Container.php(795): Illuminate\\Container\\Container->build(Object(Closure))
#17 /Users/apoorvbhardwaj/Desktop/misc projects/web-page Scraper/backend/vendor/laravel/framework/src/Illuminate/Foundation/Application.php(986): Illuminate\\Container\\Container->resolve('Illuminate\\\\Cont...', Array, true)
#18 /Users/apoorvbhardwaj/Desktop/misc projects/web-page Scraper/backend/vendor/laravel/framework/src/Illuminate/Container/Container.php(731): Illuminate\\Foundation\\Application->resolve('Illuminate\\\\Cont...', Array)
#19 /Users/apoorvbhardwaj/Desktop/misc projects/web-page Scraper/backend/vendor/laravel/framework/src/Illuminate/Foundation/Application.php(971): Illuminate\\Container\\Container->make('Illuminate\\\\Cont...', Array)
#20 /Users/apoorvbhardwaj/Desktop/misc projects/web-page Scraper/backend/vendor/laravel/framework/src/Illuminate/Foundation/helpers.php(120): Illuminate\\Foundation\\Application->make('Illuminate\\\\Cont...', Array)
#21 /Users/apoorvbhardwaj/Desktop/misc projects/web-page Scraper/backend/vendor/laravel/framework/src/Illuminate/Foundation/helpers.php(790): app('Illuminate\\\\Cont...')
#22 /Users/apoorvbhardwaj/Desktop/misc projects/web-page Scraper/backend/app/Http/Controllers/Api/ArticleController.php(32): response()
#23 /Users/apoorvbhardwaj/Desktop/misc projects/web-page Scraper/backend/vendor/laravel/framework/src/Illuminate/Routing/Controller.php(54): App\\Http\\Controllers\\Api\\ArticleController->index(Object(Illuminate\\Http\\Request))
#24 /Users/apoorvbhardwaj/Desktop/misc projects/web-page Scraper/backend/vendor/laravel/framework/src/Illuminate/Routing/ControllerDispatcher.php(43): Illuminate\\Routing\\Controller->callAction('index', Array)
#25 /Users/apoorvbhardwaj/Desktop/misc projects/web-page Scraper/backend/vendor/laravel/framework/src/Illuminate/Routing/Route.php(259): Illuminate\\Routing\\ControllerDispatcher->dispatch(Object(Illuminate\\Routing\\Route), Object(App\\Http\\Controllers\\Api\\ArticleController), 'index')
#26 /Users/apoorvbhardwaj/Desktop/misc projects/web-page Scraper/backend/vendor/laravel/framework/src/Illuminate/Routing/Route.php(205): Illuminate\\Routing\\Route->runController()
#27 /Users/apoorvbhardwaj/Desktop/misc projects/web-page Scraper/backend/vendor/laravel/framework/src/Illuminate/Routing/Router.php(806): Illuminate\\Routing\\Route->run()
#28 /Users/apoorvbhardwaj/Desktop/misc projects/web-page Scraper/backend/vendor/laravel/framework/src/Illuminate/Pipeline/Pipeline.php(144): Illuminate\\Routing\\Router->{closure:Illuminate\\Routing\\Router::runRouteWithinStack():805}(Object(Illuminate\\Http\\Request))
#29 /Users/apoorvbhardwaj/Desktop/misc projects/web-page Scraper/backend/vendor/laravel/framework/src/Illuminate/Routing/Middleware/SubstituteBindings.php(50): Illuminate\\Pipeline\\Pipeline->{closure:Illuminate\\Pipeline\\Pipeline::prepareDestination():142}(Object(Illuminate\\Http\\Request))
#30 /Users/apoorvbhardwaj/Desktop/misc projects/web-page Scraper/backend/vendor/laravel/framework/src/Illuminate/Pipeline/Pipeline.php(183): Illuminate\\Routing\\Middleware\\SubstituteBindings->handle(Object(Illuminate\\Http\\Request), Object(Closure))
#31 /Users/apoorvbhardwaj/Desktop/misc projects/web-page Scraper/backend/vendor/laravel/framework/src/Illuminate/Routing/Middleware/ThrottleRequests.php(159): Illuminate\\Pipeline\\Pipeline->{closure:{closure:Illuminate\\Pipeline\\Pipeline::carry():158}:159}(Object(Illuminate\\Http\\Request))
#32 /Users/apoorvbhardwaj/Desktop/misc projects/web-page Scraper/backend/vendor/laravel/framework/src/Illuminate/Routing/Middleware/ThrottleRequests.php(125): Illuminate\\Routing\\Middleware\\ThrottleRequests->handleRequest(Object(Illuminate\\Http\\Request), Object(Closure), Array)
#33 /Users/apoorvbhardwaj/Desktop/misc projects/web-page Scraper/backend/vendor/laravel/framework/src/Illuminate/Routing/Middleware/ThrottleRequests.php(87): Illuminate\\Routing\\Middleware\\ThrottleRequests->handleRequestUsingNamedLimiter(Object(Illuminate\\Http\\Request), Object(Closure), 'api', Object(Closure))
#34 /Users/apoorvbhardwaj/Desktop/misc projects/web-page Scraper/backend/vendor/laravel/framework/src/Illuminate/Pipeline/Pipeline.php(183): Illuminate\\Routing\\Middleware\\ThrottleRequests->handle(Object(Illuminate\\Http\\Request), Object(Closure), 'api')
#35 /Users/apoorvbhardwaj/Desktop/misc projects/web-page Scraper/backend/vendor/laravel/framework/src/Illuminate/Pipeline/Pipeline.php(119): Illuminate\\Pipeline\\Pipeline->{closure:{closure:Illuminate\\Pipeline\\Pipeline::carry():158}:159}(Object(Illuminate\\Http\\Request))
#36 /Users/apoorvbhardwaj/Desktop/misc projects/web-page Scraper/backend/vendor/laravel/framework/src/Illuminate/Routing/Router.php(805): Illuminate\\Pipeline\\Pipeline->then(Object(Closure))
#37 /Users/apoorvbhardwaj/Desktop/misc projects/web-page Scraper/backend/vendor/laravel/framework/src/Illuminate/Routing/Router.php(784): Illuminate\\Routing\\Router->runRouteWithinStack(Object(Illuminate\\Routing\\Route), Object(Illuminate\\Http\\Request))
#38 /Users/apoorvbhardwaj/Desktop/misc projects/web-page Scraper/backend/vendor/laravel/framework/src/Illuminate/Routing/Router.php(748): Illuminate\\Routing\\Router->runRoute(Object(Illuminate\\Http\\Request), Object(Illuminate\\Routing\\Route))
#39 /Users/apoorvbhardwaj/Desktop/misc projects/web-page Scraper/backend/vendor/laravel/framework/src/Illuminate/Routing/Router.php(737): Illuminate\\Routing\\Router->dispatchToRoute(Object(Illuminate\\Http\\Request))
#40 /Users/apoorvbhardwaj/Desktop/misc projects/web-page Scraper/backend/vendor/laravel/framework/src/Illuminate/Foundation/Http/Kernel.php(200): Illuminate\\Routing\\Router->dispatch(Object(Illuminate\\Http\\Request))
#41 /Users/apoorvbhardwaj/Desktop/misc projects/web-page Scraper/backend/vendor/laravel/framework/src/Illuminate/Pipeline/Pipeline.php(144): Illuminate\\Foundation\\Http\\Kernel->{closure:Illuminate\\Foundation\\Http\\Kernel::dispatchToRouter():197}(Object(Illuminate\\Http\\Request))
#42 /Users/apoorvbhardwaj/Desktop/misc projects/web-page Scraper/backend/vendor/laravel/framework/src/Illuminate/Foundation/Http/Middleware/TransformsRequest.php(21): Illuminate\\Pipeline\\Pipeline->{closure:Illuminate\\Pipeline\\Pipeline::prepareDestination():142}(Object(Illuminate\\Http\\Request))
#43 /Users/apoorvbhardwaj/Desktop/misc projects/web-page Scraper/backend/vendor/laravel/framework/src/Illuminate/Foundation/Http/Middleware/ConvertEmptyStringsToNull.php(31): Illuminate\\Foundation\\Http\\Middleware\\TransformsRequest->handle(Object(Illuminate\\Http\\Request), Object(Closure))
#44 /Users/apoorvbhardwaj/Desktop/misc projects/web-page Scraper/backend/vendor/laravel/framework/src/Illuminate/Pipeline/Pipeline.php(183): Illuminate\\Foundation\\Http\\Middleware\\ConvertEmptyStringsToNull->handle(Object(Illuminate\\Http\\Request), Object(Closure))
#45 /Users/apoorvbhardwaj/Desktop/misc projects/web-page Scraper/backend/vendor/laravel/framework/src/Illuminate/Foundation/Http/Middleware/ValidatePostSize.php(27): Illuminate\\Pipeline\\Pipeline->{closure:{closure:Illuminate\\Pipeline\\Pipeline::carry():158}:159}(Object(Illuminate\\Http\\Request))
#46 /Users/apoorvbhardwaj/Desktop/misc projects/web-page Scraper/backend/vendor/laravel/framework/src/Illuminate/Pipeline/Pipeline.php(183): Illuminate\\Foundation\\Http\\Middleware\\ValidatePostSize->handle(Object(Illuminate\\Http\\Request), Object(Closure))
#47 /Users/apoorvbhardwaj/Desktop/misc projects/web-page Scraper/backend/vendor/laravel/framework/src/Illuminate/Http/Middleware/HandleCors.php(62): Illuminate\\Pipeline\\Pipeline->{closure:{closure:Illuminate\\Pipeline\\Pipeline::carry():158}:159}(Object(Illuminate\\Http\\Request))
#48 /Users/apoorvbhardwaj/Desktop/misc projects/web-page Scraper/backend/vendor/laravel/framework/src/Illuminate/Pipeline/Pipeline.php(183): Illuminate\\Http\\Middleware\\HandleCors->handle(Object(Illuminate\\Http\\Request), Object(Closure))
#49 /Users/apoorvbhardwaj/Desktop/misc projects/web-page Scraper/backend/vendor/laravel/framework/src/Illuminate/Pipeline/Pipeline.php(119): Illuminate\\Pipeline\\Pipeline->{closure:{closure:Illuminate\\Pipeline\\Pipeline::carry():158}:159}(Object(Illuminate\\Http\\Request))
#50 /Users/apoorvbhardwaj/Desktop/misc projects/web-page Scraper/backend/vendor/laravel/framework/src/Illuminate/Foundation/Http/Kernel.php(175): Illuminate\\Pipeline\\Pipeline->then(Object(Closure))
#51 /Users/apoorvbhardwaj/Desktop/misc projects/web-page Scraper/backend/vendor/laravel/framework/src/Illuminate/Foundation/Http/Kernel.php(144): Illuminate\\Foundation\\Http\\Kernel->sendRequestThroughRouter(Object(Illuminate\\Http\\Request))
#52 /Users/apoorvbhardwaj/Desktop/misc projects/web-page Scraper/backend/public/index.php(36): Illuminate\\Foundation\\Http\\Kernel->handle(Object(Illuminate\\Http\\Request))
#53 /Users/apoorvbhardwaj/Desktop/misc projects/web-page Scraper/backend/vendor/laravel/framework/src/Illuminate/Foundation/resources/server.php(16): require_once('/Users/apoorvbh...')
#54 {main}
"} 
[2025-12-25 18:37:51] local.ERROR: Illuminate\View\FileViewFinder::__construct(): Argument #2 ($paths) must be of type array, null given, called in /Users/apoorvbhardwaj/Desktop/misc projects/web-page Scraper/backend/vendor/laravel/framework/src/Illuminate/View/ViewServiceProvider.php on line 85 {"exception":"[object] (TypeError(code: 0): Illuminate\\View\\FileViewFinder::__construct(): Argument #2 ($paths) must be of type array, null given, called in /Users/apoorvbhardwaj/Desktop/misc projects/web-page Scraper/backend/vendor/laravel/framework/src/Illuminate/View/ViewServiceProvider.php on line 85 at /Users/apoorvbhardwaj/Desktop/misc projects/web-page Scraper/backend/vendor/laravel/framework/src/Illuminate/View/FileViewFinder.php:53)
[stacktrace]
#0 /Users/apoorvbhardwaj/Desktop/misc projects/web-page Scraper/backend/vendor/laravel/framework/src/Illuminate/View/ViewServiceProvider.php(85): Illuminate\\View\\FileViewFinder->__construct(Object(Illuminate\\Filesystem\\Filesystem), NULL)
#1 /Users/apoorvbhardwaj/Desktop/misc projects/web-page Scraper/backend/vendor/laravel/framework/src/Illuminate/Container/Container.php(908): Illuminate\\View\\ViewServiceProvider->{closure:Illuminate\\View\\ViewServiceProvider::registerViewFinder():84}(Object(Illuminate\\Foundation\\Application), Array)
#2 /Users/apoorvbhardwaj/Desktop/misc projects/web-page Scraper/backend/vendor/laravel/framework/src/Illuminate/Container/Container.php(795): Illuminate\\Container\\Container->build(Object(Closure))
#3 /Users/apoorvbhardwaj/Desktop/misc projects/web-page Scraper/backend/vendor/laravel/framework/src/Illuminate/Foundation/Application.php(986): Illuminate\\Container\\Container->resolve('view.finder', Array, true)
#4 /Users/apoorvbhardwaj/Desktop/misc projects/web-page Scraper/backend/vendor/laravel/framework/src/Illuminate/Container/Container.php(731): Illuminate\\Foundation\\Application->resolve('view.finder', Array)
#5 /Users/apoorvbhardwaj/Desktop/misc projects/web-page Scraper/backend/vendor/laravel/framework/src/Illuminate/Foundation/Application.php(971): Illuminate\\Container\\Container->make('view.finder', Array)
#6 /Users/apoorvbhardwaj/Desktop/misc projects/web-page Scraper/backend/vendor/laravel/framework/src/Illuminate/Container/Container.php(1454): Illuminate\\Foundation\\Application->make('view.finder')
#7 /Users/apoorvbhardwaj/Desktop/misc projects/web-page Scraper/backend/vendor/laravel/framework/src/Illuminate/View/ViewServiceProvider.php(45): Illuminate\\Container\\Container->offsetGet('view.finder')
#8 /Users/apoorvbhardwaj/Desktop/misc projects/web-page Scraper/backend/vendor/laravel/framework/src/Illuminate/Container/Container.php(908): Illuminate\\View\\ViewServiceProvider->{closure:Illuminate\\View\\ViewServiceProvider::registerFactory():39}(Object(Illuminate\\Foundation\\Application), Array)
#9 /Users/apoorvbhardwaj/Desktop/misc projects/web-page Scraper/backend/vendor/laravel/framework/src/Illuminate/Container/Container.php(795): Illuminate\\Container\\Container->build(Object(Closure))
#10 /Users/apoorvbhardwaj/Desktop/misc projects/web-page Scraper/backend/vendor/laravel/framework/src/Illuminate/Foundation/Application.php(986): Illuminate\\Container\\Container->resolve('view', Array, true)
#11 /Users/apoorvbhardwaj/Desktop/misc projects/web-page Scraper/backend/vendor/laravel/framework/src/Illuminate/Container/Container.php(731): Illuminate\\Foundation\\Application->resolve('view', Array)
#12 /Users/apoorvbhardwaj/Desktop/misc projects/web-page Scraper/backend/vendor/laravel/framework/src/Illuminate/Foundation/Application.php(971): Illuminate\\Container\\Container->make('view', Array)
#13 /Users/apoorvbhardwaj/Desktop/misc projects/web-page Scraper/backend/vendor/laravel/framework/src/Illuminate/Container/Container.php(1454): Illuminate\\Foundation\\Application->make('view')
#14 /Users/apoorvbhardwaj/Desktop/misc projects/web-page Scraper/backend/vendor/laravel/framework/src/Illuminate/Routing/RoutingServiceProvider.php(182): Illuminate\\Container\\Container->offsetGet('Illuminate\\\\Cont...')
#15 /Users/apoorvbhardwaj/Desktop/misc projects/web-page Scraper/backend/vendor/laravel/framework/src/Illuminate/Container/Container.php(908): Illuminate\\Routing\\RoutingServiceProvider->{closure:Illuminate\\Routing\\RoutingServiceProvider::registerResponseFactory():181}(Object(Illuminate\\Foundation\\Application), Array)
#16 /Users/apoorvbhardwaj/Desktop/misc projects/web-page Scraper/backend/vendor/laravel/framework/src/Illuminate/Container/Container.php(795): Illuminate\\Container\\Container->build(Object(Closure))
#17 /Users/apoorvbhardwaj/Desktop/misc projects/web-page Scraper/backend/vendor/laravel/framework/src/Illuminate/Foundation/Application.php(986): Illuminate\\Container\\Container->resolve('Illuminate\\\\Cont...', Array, true)
#18 /Users/apoorvbhardwaj/Desktop/misc projects/web-page Scraper/backend/vendor/laravel/framework/src/Illuminate/Container/Container.php(731): Illuminate\\Foundation\\Application->resolve('Illuminate\\\\Cont...', Array)
#19 /Users/apoorvbhardwaj/Desktop/misc projects/web-page Scraper/backend/vendor/laravel/framework/src/Illuminate/Foundation/Application.php(971): Illuminate\\Container\\Container->make('Illuminate\\\\Cont...', Array)
#20 /Users/apoorvbhardwaj/Desktop/misc projects/web-page Scraper/backend/vendor/laravel/framework/src/Illuminate/Foundation/helpers.php(120): Illuminate\\Foundation\\Application->make('Illuminate\\\\Cont...', Array)
#21 /Users/apoorvbhardwaj/Desktop/misc projects/web-page Scraper/backend/vendor/laravel/framework/src/Illuminate/Foundation/helpers.php(790): app('Illuminate\\\\Cont...')
#22 /Users/apoorvbhardwaj/Desktop/misc projects/web-page Scraper/backend/app/Http/Controllers/Api/ArticleController.php(32): response()
#23 /Users/apoorvbhardwaj/Desktop/misc projects/web-page Scraper/backend/vendor/laravel/framework/src/Illuminate/Routing/Controller.php(54): App\\Http\\Controllers\\Api\\ArticleController->index(Object(Illuminate\\Http\\Request))
#24 /Users/apoorvbhardwaj/Desktop/misc projects/web-page Scraper/backend/vendor/laravel/framework/src/Illuminate/Routing/ControllerDispatcher.php(43): Illuminate\\Routing\\Controller->callAction('index', Array)
#25 /Users/apoorvbhardwaj/Desktop/misc projects/web-page Scraper/backend/vendor/laravel/framework/src/Illuminate/Routing/Route.php(259): Illuminate\\Routing\\ControllerDispatcher->dispatch(Object(Illuminate\\Routing\\Route), Object(App\\Http\\Controllers\\Api\\ArticleController), 'index')
#26 /Users/apoorvbhardwaj/Desktop/misc projects/web-page Scraper/backend/vendor/laravel/framework/src/Illuminate/Routing/Route.php(205): Illuminate\\Routing\\Route->runController()
#27 /Users/apoorvbhardwaj/Desktop/misc projects/web-page Scraper/backend/vendor/laravel/framework/src/Illuminate/Routing/Router.php(806): Illuminate\\Routing\\Route->run()
#28 /Users/apoorvbhardwaj/Desktop/misc projects/web-page Scraper/backend/vendor/laravel/framework/src/Illuminate/Pipeline/Pipeline.php(144): Illuminate\\Routing\\Router->{closure:Illuminate\\Routing\\Router::runRouteWithinStack():805}(Object(Illuminate\\Http\\Request))
#29 /Users/apoorvbhardwaj/Desktop/misc projects/web-page Scraper/backend/vendor/laravel/framework/src/Illuminate/Routing/Middleware/SubstituteBindings.php(50): Illuminate\\Pipeline\\Pipeline->{closure:Illuminate\\Pipeline\\Pipeline::prepareDestination():142}(Object(Illuminate\\Http\\Request))
#30 /Users/apoorvbhardwaj/Desktop/misc projects/web-page Scraper/backend/vendor/laravel/framework/src/Illuminate/Pipeline/Pipeline.php(183): Illuminate\\Routing\\Middleware\\SubstituteBindings->handle(Object(Illuminate\\Http\\Request), Object(Closure))
#31 /Users/apoorvbhardwaj/Desktop/misc projects/web-page Scraper/backend/vendor/laravel/framework/src/Illuminate/Routing/Middleware/ThrottleRequests.php(159): Illuminate\\Pipeline\\Pipeline->{closure:{closure:Illuminate\\Pipeline\\Pipeline::carry():158}:159}(Object(Illuminate\\Http\\Request))
#32 /Users/apoorvbhardwaj/Desktop/misc projects/web-page Scraper/backend/vendor/laravel/framework/src/Illuminate/Routing/Middleware/ThrottleRequests.php(125): Illuminate\\Routing\\Middleware\\ThrottleRequests->handleRequest(Object(Illuminate\\Http\\Request), Object(Closure), Array)
#33 /Users/apoorvbhardwaj/Desktop/misc projects/web-page Scraper/backend/vendor/laravel/framework/src/Illuminate/Routing/Middleware/ThrottleRequests.php(87): Illuminate\\Routing\\Middleware\\ThrottleRequests->handleRequestUsingNamedLimiter(Object(Illuminate\\Http\\Request), Object(Closure), 'api', Object(Closure))
#34 /Users/apoorvbhardwaj/Desktop/misc projects/web-page Scraper/backend/vendor/laravel/framework/src/Illuminate/Pipeline/Pipeline.php(183): Illuminate\\Routing\\Middleware\\ThrottleRequests->handle(Object(Illuminate\\Http\\Request), Object(Closure), 'api')
#35 /Users/apoorvbhardwaj/Desktop/misc projects/web-page Scraper/backend/vendor/laravel/framework/src/Illuminate/Pipeline/Pipeline.php(119): Illuminate\\Pipeline\\Pipeline->{closure:{closure:Illuminate\\Pipeline\\Pipeline::carry():158}:159}(Object(Illuminate\\Http\\Request))
#36 /Users/apoorvbhardwaj/Desktop/misc projects/web-page Scraper/backend/vendor/laravel/framework/src/Illuminate/Routing/Router.php(805): Illuminate\\Pipeline\\Pipeline->then(Object(Closure))
#37 /Users/apoorvbhardwaj/Desktop/misc projects/web-page Scraper/backend/vendor/laravel/framework/src/Illuminate/Routing/Router.php(784): Illuminate\\Routing\\Router->runRouteWithinStack(Object(Illuminate\\Routing\\Route), Object(Illuminate\\Http\\Request))
#38 /Users/apoorvbhardwaj/Desktop/misc projects/web-page Scraper/backend/vendor/laravel/framework/src/Illuminate/Routing/Router.php(748): Illuminate\\Routing\\Router->runRoute(Object(Illuminate\\Http\\Request), Object(Illuminate\\Routing\\Route))
#39 /Users/apoorvbhardwaj/Desktop/misc projects/web-page Scraper/backend/vendor/laravel/framework/src/Illuminate/Routing/Router.php(737): Illuminate\\Routing\\Router->dispatchToRoute(Object(Illuminate\\Http\\Request))
#40 /Users/apoorvbhardwaj/Desktop/misc projects/web-page Scraper/backend/vendor/laravel/framework/src/Illuminate/Foundation/Http/Kernel.php(200): Illuminate\\Routing\\Router->dispatch(Object(Illuminate\\Http\\Request))
#41 /Users/apoorvbhardwaj/Desktop/misc projects/web-page Scraper/backend/vendor/laravel/framework/src/Illuminate/Pipeline/Pipeline.php(144): Illuminate\\Foundation\\Http\\Kernel->{closure:Illuminate\\Foundation\\Http\\Kernel::dispatchToRouter():197}(Object(Illuminate\\Http\\Request))
#42 /Users/apoorvbhardwaj/Desktop/misc projects/web-page Scraper/backend/vendor/laravel/framework/src/Illuminate/Foundation/Http/Middleware/TransformsRequest.php(21): Illuminate\\Pipeline\\Pipeline->{closure:Illuminate\\Pipeline\\Pipeline::prepareDestination():142}(Object(Illuminate\\Http\\Request))
#43 /Users/apoorvbhardwaj/Desktop/misc projects/web-page Scraper/backend/vendor/laravel/framework/src/Illuminate/Foundation/Http/Middleware/ConvertEmptyStringsToNull.php(31): Illuminate\\Foundation\\Http\\Middleware\\TransformsRequest->handle(Object(Illuminate\\Http\\Request), Object(Closure))
#44 /Users/apoorvbhardwaj/Desktop/misc projects/web-page Scraper/backend/vendor/laravel/framework/src/Illuminate/Pipeline/Pipeline.php(183): Illuminate\\Foundation\\Http\\Middleware\\ConvertEmptyStringsToNull->handle(Object(Illuminate\\Http\\Request), Object(Closure))
#45 /Users/apoorvbhardwaj/Desktop/misc projects/web-page Scraper/backend/vendor/laravel/framework/src/Illuminate/Foundation/Http/Middleware/ValidatePostSize.php(27): Illuminate\\Pipeline\\Pipeline->{closure:{closure:Illuminate\\Pipeline\\Pipeline::carry():158}:159}(Object(Illuminate\\Http\\Request))
#46 /Users/apoorvbhardwaj/Desktop/misc projects/web-page Scraper/backend/vendor/laravel/framework/src/Illuminate/Pipeline/Pipeline.php(183): Illuminate\\Foundation\\Http\\Middleware\\ValidatePostSize->handle(Object(Illuminate\\Http\\Request), Object(Closure))
#47 /Users/apoorvbhardwaj/Desktop/misc projects/web-page Scraper/backend/vendor/laravel/framework/src/Illuminate/Http/Middleware/HandleCors.php(62): Illuminate\\Pipeline\\Pipeline->{closure:{closure:Illuminate\\Pipeline\\Pipeline::carry():158}:159}(Object(Illuminate\\Http\\Request))
#48 /Users/apoorvbhardwaj/Desktop/misc projects/web-page Scraper/backend/vendor/laravel/framework/src/Illuminate/Pipeline/Pipeline.php(183): Illuminate\\Http\\Middleware\\HandleCors->handle(Object(Illuminate\\Http\\Request), Object(Closure))
#49 /Users/apoorvbhardwaj/Desktop/misc projects/web-page Scraper/backend/vendor/laravel/framework/src/Illuminate/Pipeline/Pipeline.php(119): Illuminate\\Pipeline\\Pipeline->{closure:{closure:Illuminate\\Pipeline\\Pipeline::carry():158}:159}(Object(Illuminate\\Http\\Request))
#50 /Users/apoorvbhardwaj/Desktop/misc projects/web-page Scraper/backend/vendor/laravel/framework/src/Illuminate/Foundation/Http/Kernel.php(175): Illuminate\\Pipeline\\Pipeline->then(Object(Closure))
#51 /Users/apoorvbhardwaj/Desktop/misc projects/web-page Scraper/backend/vendor/laravel/framework/src/Illuminate/Foundation/Http/Kernel.php(144): Illuminate\\Foundation\\Http\\Kernel->sendRequestThroughRouter(Object(Illuminate\\Http\\Request))
#52 /Users/apoorvbhardwaj/Desktop/misc projects/web-page Scraper/backend/public/index.php(36): Illuminate\\Foundation\\Http\\Kernel->handle(Object(Illuminate\\Http\\Request))
#53 /Users/apoorvbhardwaj/Desktop/misc projects/web-page Scraper/backend/vendor/laravel/framework/src/Illuminate/Foundation/resources/server.php(16): require_once('/Users/apoorvbh...')
#54 {main}
"} 
